ISim log file
Running: Z:\design\code_16200x6480\16k_GPU_device_6_8_6.parallel.IOs\synthese\ipbus_asip_ml507_working\tb_FIFO_6b_isim_beh.exe -intstyle ise -gui -tclbatch isim.cmd -view Z:/design/code_16200x6480/16k_GPU_device_6_8_6.parallel.IOs/synthese/ipbus_asip_ml507_working/debug.wcfg -wdb Z:/design/code_16200x6480/16k_GPU_device_6_8_6.parallel.IOs/synthese/ipbus_asip_ml507_working/tb_FIFO_6b_isim_beh.wdb 
ISim O.87xd (signature 0x2f00eba5)
----------------------------------------------------------------------
WARNING:Security:42 - Your license support version '2012.12' for ISIM expires in 23 days after which you will not qualify for Xilinx software updates or new releases.


----------------------------------------------------------------------
This is a Full version of ISim.
Time resolution is 1 ps
# onerror resume
# run 100000 ns
Simulator is doing circuit initialization process.
at 0 ps, Instance /tb_fifo_6b/uut/FIFO_1/\fu_gen(0)\/RAM_01/ : Warning: There is an 'U'|'X'|'W'|'Z'|'-' in an arithmetic operand, the result will be 'X'(es).
at 0 ps, Instance /tb_fifo_6b/uut/FIFO_1/\fu_gen(0)\/RAM_01/ : Warning: CONV_INTEGER: There is an 'U'|'X'|'W'|'Z'|'-' in an arithmetic operand, and it has been converted to 0.
at 0 ps, Instance /tb_fifo_6b/uut/FIFO_1/\fu_gen(1)\/RAM_01/ : Warning: CONV_INTEGER: There is an 'U'|'X'|'W'|'Z'|'-' in an arithmetic operand, and it has been converted to 0.
at 0 ps, Instance /tb_fifo_6b/uut/FIFO_1/\fu_gen(2)\/RAM_01/ : Warning: CONV_INTEGER: There is an 'U'|'X'|'W'|'Z'|'-' in an arithmetic operand, and it has been converted to 0.
at 0 ps, Instance /tb_fifo_6b/uut/FIFO_1/\fu_gen(3)\/RAM_01/ : Warning: CONV_INTEGER: There is an 'U'|'X'|'W'|'Z'|'-' in an arithmetic operand, and it has been converted to 0.
at 0 ps, Instance /tb_fifo_6b/uut/FIFO_1/\fu_gen(4)\/RAM_01/ : Warning: CONV_INTEGER: There is an 'U'|'X'|'W'|'Z'|'-' in an arithmetic operand, and it has been converted to 0.
at 0 ps, Instance /tb_fifo_6b/uut/FIFO_1/\fu_gen(5)\/RAM_01/ : Warning: CONV_INTEGER: There is an 'U'|'X'|'W'|'Z'|'-' in an arithmetic operand, and it has been converted to 0.
at 0 ps, Instance /tb_fifo_6b/uut/FIFO_1/\fu_gen(6)\/RAM_01/ : Warning: CONV_INTEGER: There is an 'U'|'X'|'W'|'Z'|'-' in an arithmetic operand, and it has been converted to 0.
at 0 ps, Instance /tb_fifo_6b/uut/FIFO_1/\fu_gen(7)\/RAM_01/ : Warning: CONV_INTEGER: There is an 'U'|'X'|'W'|'Z'|'-' in an arithmetic operand, and it has been converted to 0.
at 0 ps, Instance /tb_fifo_6b/uut/FIFO_1/\fu_gen(8)\/RAM_01/ : Warning: CONV_INTEGER: There is an 'U'|'X'|'W'|'Z'|'-' in an arithmetic operand, and it has been converted to 0.
at 0 ps, Instance /tb_fifo_6b/uut/FIFO_1/\fu_gen(9)\/RAM_01/ : Warning: CONV_INTEGER: There is an 'U'|'X'|'W'|'Z'|'-' in an arithmetic operand, and it has been converted to 0.
at 0 ps, Instance /tb_fifo_6b/uut/FIFO_1/\fu_gen(10)\/RAM_01/ : Warning: CONV_INTEGER: There is an 'U'|'X'|'W'|'Z'|'-' in an arithmetic operand, and it has been converted to 0.
at 0 ps, Instance /tb_fifo_6b/uut/FIFO_1/\fu_gen(11)\/RAM_01/ : Warning: CONV_INTEGER: There is an 'U'|'X'|'W'|'Z'|'-' in an arithmetic operand, and it has been converted to 0.
at 0 ps, Instance /tb_fifo_6b/uut/FIFO_1/\fu_gen(12)\/RAM_01/ : Warning: CONV_INTEGER: There is an 'U'|'X'|'W'|'Z'|'-' in an arithmetic operand, and it has been converted to 0.
at 0 ps, Instance /tb_fifo_6b/uut/FIFO_1/\fu_gen(13)\/RAM_01/ : Warning: CONV_INTEGER: There is an 'U'|'X'|'W'|'Z'|'-' in an arithmetic operand, and it has been converted to 0.
at 0 ps, Instance /tb_fifo_6b/uut/FIFO_1/\fu_gen(14)\/RAM_01/ : Warning: CONV_INTEGER: There is an 'U'|'X'|'W'|'Z'|'-' in an arithmetic operand, and it has been converted to 0.
at 0 ps, Instance /tb_fifo_6b/uut/FIFO_1/\fu_gen(15)\/RAM_01/ : Warning: CONV_INTEGER: There is an 'U'|'X'|'W'|'Z'|'-' in an arithmetic operand, and it has been converted to 0.
at 0 ps, Instance /tb_fifo_6b/uut/FIFO_1/\fu_gen(16)\/RAM_01/ : Warning: CONV_INTEGER: There is an 'U'|'X'|'W'|'Z'|'-' in an arithmetic operand, and it has been converted to 0.
at 0 ps, Instance /tb_fifo_6b/uut/FIFO_1/\fu_gen(17)\/RAM_01/ : Warning: CONV_INTEGER: There is an 'U'|'X'|'W'|'Z'|'-' in an arithmetic operand, and it has been converted to 0.
at 0 ps, Instance /tb_fifo_6b/uut/FIFO_1/\fu_gen(18)\/RAM_01/ : Warning: CONV_INTEGER: There is an 'U'|'X'|'W'|'Z'|'-' in an arithmetic operand, and it has been converted to 0.
at 0 ps, Instance /tb_fifo_6b/uut/FIFO_1/\fu_gen(19)\/RAM_01/ : Warning: CONV_INTEGER: There is an 'U'|'X'|'W'|'Z'|'-' in an arithmetic operand, and it has been converted to 0.
at 0 ps, Instance /tb_fifo_6b/uut/FIFO_1/\fu_gen(20)\/RAM_01/ : Warning: CONV_INTEGER: There is an 'U'|'X'|'W'|'Z'|'-' in an arithmetic operand, and it has been converted to 0.
at 0 ps, Instance /tb_fifo_6b/uut/FIFO_1/\fu_gen(21)\/RAM_01/ : Warning: CONV_INTEGER: There is an 'U'|'X'|'W'|'Z'|'-' in an arithmetic operand, and it has been converted to 0.
at 0 ps, Instance /tb_fifo_6b/uut/FIFO_1/\fu_gen(22)\/RAM_01/ : Warning: CONV_INTEGER: There is an 'U'|'X'|'W'|'Z'|'-' in an arithmetic operand, and it has been converted to 0.
at 0 ps, Instance /tb_fifo_6b/uut/FIFO_1/\fu_gen(23)\/RAM_01/ : Warning: CONV_INTEGER: There is an 'U'|'X'|'W'|'Z'|'-' in an arithmetic operand, and it has been converted to 0.
at 0 ps, Instance /tb_fifo_6b/uut/FIFO_1/\fu_gen(24)\/RAM_01/ : Warning: CONV_INTEGER: There is an 'U'|'X'|'W'|'Z'|'-' in an arithmetic operand, and it has been converted to 0.
at 0 ps, Instance /tb_fifo_6b/uut/FIFO_1/\fu_gen(25)\/RAM_01/ : Warning: CONV_INTEGER: There is an 'U'|'X'|'W'|'Z'|'-' in an arithmetic operand, and it has been converted to 0.
at 0 ps, Instance /tb_fifo_6b/uut/FIFO_1/\fu_gen(26)\/RAM_01/ : Warning: CONV_INTEGER: There is an 'U'|'X'|'W'|'Z'|'-' in an arithmetic operand, and it has been converted to 0.
at 0 ps, Instance /tb_fifo_6b/uut/FIFO_1/\fu_gen(27)\/RAM_01/ : Warning: CONV_INTEGER: There is an 'U'|'X'|'W'|'Z'|'-' in an arithmetic operand, and it has been converted to 0.
at 0 ps, Instance /tb_fifo_6b/uut/FIFO_1/\fu_gen(28)\/RAM_01/ : Warning: CONV_INTEGER: There is an 'U'|'X'|'W'|'Z'|'-' in an arithmetic operand, and it has been converted to 0.
at 0 ps, Instance /tb_fifo_6b/uut/FIFO_1/\fu_gen(29)\/RAM_01/ : Warning: CONV_INTEGER: There is an 'U'|'X'|'W'|'Z'|'-' in an arithmetic operand, and it has been converted to 0.
at 0 ps, Instance /tb_fifo_6b/uut/FIFO_1/\fu_gen(30)\/RAM_01/ : Warning: CONV_INTEGER: There is an 'U'|'X'|'W'|'Z'|'-' in an arithmetic operand, and it has been converted to 0.
at 0 ps, Instance /tb_fifo_6b/uut/FIFO_1/\fu_gen(31)\/RAM_01/ : Warning: CONV_INTEGER: There is an 'U'|'X'|'W'|'Z'|'-' in an arithmetic operand, and it has been converted to 0.
at 0 ps: Note: WARNING: Behavioral models for independent clock FIFO configurations do not model synchronization delays. The behavioral models are functionally correct, and will represent the behavior of the configured FIFO. See the FIFO Generator User Guide for more information. (/tb_fifo_6b/uup/U0/gconvfifo/inst_conv_fifo/).
Finished circuit initialization process.
at 13550 ns, Instance /tb_fifo_6b/ : Warning: NUMERIC_STD.TO_UNSIGNED: vector truncated
at 13550 ns, Instance /tb_fifo_6b/ : Warning: NUMERIC_STD.TO_UNSIGNED: vector truncated
at 13550 ns, Instance /tb_fifo_6b/ : Warning: NUMERIC_STD.TO_UNSIGNED: vector truncated
at 13550 ns, Instance /tb_fifo_6b/ : Warning: NUMERIC_STD.TO_UNSIGNED: vector truncated
at 13760 ns, Instance /tb_fifo_6b/ : Warning: NUMERIC_STD.TO_UNSIGNED: vector truncated
at 13760 ns, Instance /tb_fifo_6b/ : Warning: NUMERIC_STD.TO_UNSIGNED: vector truncated
at 13760 ns, Instance /tb_fifo_6b/ : Warning: NUMERIC_STD.TO_UNSIGNED: vector truncated
at 13760 ns, Instance /tb_fifo_6b/ : Warning: NUMERIC_STD.TO_UNSIGNED: vector truncated
at 13970 ns, Instance /tb_fifo_6b/ : Warning: NUMERIC_STD.TO_UNSIGNED: vector truncated
at 13970 ns, Instance /tb_fifo_6b/ : Warning: NUMERIC_STD.TO_UNSIGNED: vector truncated
at 13970 ns, Instance /tb_fifo_6b/ : Warning: NUMERIC_STD.TO_UNSIGNED: vector truncated
at 13970 ns, Instance /tb_fifo_6b/ : Warning: NUMERIC_STD.TO_UNSIGNED: vector truncated
at 14180 ns, Instance /tb_fifo_6b/ : Warning: NUMERIC_STD.TO_UNSIGNED: vector truncated
at 14180 ns, Instance /tb_fifo_6b/ : Warning: NUMERIC_STD.TO_UNSIGNED: vector truncated
at 14180 ns, Instance /tb_fifo_6b/ : Warning: NUMERIC_STD.TO_UNSIGNED: vector truncated
at 14180 ns, Instance /tb_fifo_6b/ : Warning: NUMERIC_STD.TO_UNSIGNED: vector truncated
at 14390 ns, Instance /tb_fifo_6b/ : Warning: NUMERIC_STD.TO_UNSIGNED: vector truncated
at 14390 ns, Instance /tb_fifo_6b/ : Warning: NUMERIC_STD.TO_UNSIGNED: vector truncated
at 14390 ns, Instance /tb_fifo_6b/ : Warning: NUMERIC_STD.TO_UNSIGNED: vector truncated
at 14390 ns, Instance /tb_fifo_6b/ : Warning: NUMERIC_STD.TO_UNSIGNED: vector truncated
at 14600 ns, Instance /tb_fifo_6b/ : Warning: NUMERIC_STD.TO_UNSIGNED: vector truncated
at 14600 ns, Instance /tb_fifo_6b/ : Warning: NUMERIC_STD.TO_UNSIGNED: vector truncated
at 14600 ns, Instance /tb_fifo_6b/ : Warning: NUMERIC_STD.TO_UNSIGNED: vector truncated
at 14600 ns, Instance /tb_fifo_6b/ : Warning: NUMERIC_STD.TO_UNSIGNED: vector truncated
at 14810 ns, Instance /tb_fifo_6b/ : Warning: NUMERIC_STD.TO_UNSIGNED: vector truncated
at 14810 ns, Instance /tb_fifo_6b/ : Warning: NUMERIC_STD.TO_UNSIGNED: vector truncated
at 14810 ns, Instance /tb_fifo_6b/ : Warning: NUMERIC_STD.TO_UNSIGNED: vector truncated
at 14810 ns, Instance /tb_fifo_6b/ : Warning: NUMERIC_STD.TO_UNSIGNED: vector truncated
at 15020 ns, Instance /tb_fifo_6b/ : Warning: NUMERIC_STD.TO_UNSIGNED: vector truncated
at 15020 ns, Instance /tb_fifo_6b/ : Warning: NUMERIC_STD.TO_UNSIGNED: vector truncated
at 15020 ns, Instance /tb_fifo_6b/ : Warning: NUMERIC_STD.TO_UNSIGNED: vector truncated
at 15020 ns, Instance /tb_fifo_6b/ : Warning: NUMERIC_STD.TO_UNSIGNED: vector truncated
at 15230 ns, Instance /tb_fifo_6b/ : Warning: NUMERIC_STD.TO_UNSIGNED: vector truncated
at 15230 ns, Instance /tb_fifo_6b/ : Warning: NUMERIC_STD.TO_UNSIGNED: vector truncated
at 15230 ns, Instance /tb_fifo_6b/ : Warning: NUMERIC_STD.TO_UNSIGNED: vector truncated
at 15230 ns, Instance /tb_fifo_6b/ : Warning: NUMERIC_STD.TO_UNSIGNED: vector truncated
at 15440 ns, Instance /tb_fifo_6b/ : Warning: NUMERIC_STD.TO_UNSIGNED: vector truncated
at 15440 ns, Instance /tb_fifo_6b/ : Warning: NUMERIC_STD.TO_UNSIGNED: vector truncated
at 15440 ns, Instance /tb_fifo_6b/ : Warning: NUMERIC_STD.TO_UNSIGNED: vector truncated
at 15440 ns, Instance /tb_fifo_6b/ : Warning: NUMERIC_STD.TO_UNSIGNED: vector truncated
at 15650 ns, Instance /tb_fifo_6b/ : Warning: NUMERIC_STD.TO_UNSIGNED: vector truncated
at 15650 ns, Instance /tb_fifo_6b/ : Warning: NUMERIC_STD.TO_UNSIGNED: vector truncated
at 15650 ns, Instance /tb_fifo_6b/ : Warning: NUMERIC_STD.TO_UNSIGNED: vector truncated
at 15650 ns, Instance /tb_fifo_6b/ : Warning: NUMERIC_STD.TO_UNSIGNED: vector truncated
at 15860 ns, Instance /tb_fifo_6b/ : Warning: NUMERIC_STD.TO_UNSIGNED: vector truncated
at 15860 ns, Instance /tb_fifo_6b/ : Warning: NUMERIC_STD.TO_UNSIGNED: vector truncated
at 15860 ns, Instance /tb_fifo_6b/ : Warning: NUMERIC_STD.TO_UNSIGNED: vector truncated
at 15860 ns, Instance /tb_fifo_6b/ : Warning: NUMERIC_STD.TO_UNSIGNED: vector truncated
at 16070 ns, Instance /tb_fifo_6b/ : Warning: NUMERIC_STD.TO_UNSIGNED: vector truncated
at 16070 ns, Instance /tb_fifo_6b/ : Warning: NUMERIC_STD.TO_UNSIGNED: vector truncated
at 16070 ns, Instance /tb_fifo_6b/ : Warning: NUMERIC_STD.TO_UNSIGNED: vector truncated
at 16070 ns, Instance /tb_fifo_6b/ : Warning: NUMERIC_STD.TO_UNSIGNED: vector truncated
at 16280 ns, Instance /tb_fifo_6b/ : Warning: NUMERIC_STD.TO_UNSIGNED: vector truncated
at 16280 ns, Instance /tb_fifo_6b/ : Warning: NUMERIC_STD.TO_UNSIGNED: vector truncated
at 16280 ns, Instance /tb_fifo_6b/ : Warning: NUMERIC_STD.TO_UNSIGNED: vector truncated
at 16280 ns, Instance /tb_fifo_6b/ : Warning: NUMERIC_STD.TO_UNSIGNED: vector truncated
at 16490 ns, Instance /tb_fifo_6b/ : Warning: NUMERIC_STD.TO_UNSIGNED: vector truncated
at 16490 ns, Instance /tb_fifo_6b/ : Warning: NUMERIC_STD.TO_UNSIGNED: vector truncated
at 16490 ns, Instance /tb_fifo_6b/ : Warning: NUMERIC_STD.TO_UNSIGNED: vector truncated
at 16490 ns, Instance /tb_fifo_6b/ : Warning: NUMERIC_STD.TO_UNSIGNED: vector truncated
at 16700 ns, Instance /tb_fifo_6b/ : Warning: NUMERIC_STD.TO_UNSIGNED: vector truncated
at 16700 ns, Instance /tb_fifo_6b/ : Warning: NUMERIC_STD.TO_UNSIGNED: vector truncated
at 16700 ns, Instance /tb_fifo_6b/ : Warning: NUMERIC_STD.TO_UNSIGNED: vector truncated
at 16700 ns, Instance /tb_fifo_6b/ : Warning: NUMERIC_STD.TO_UNSIGNED: vector truncated
at 16910 ns, Instance /tb_fifo_6b/ : Warning: NUMERIC_STD.TO_UNSIGNED: vector truncated
at 16910 ns, Instance /tb_fifo_6b/ : Warning: NUMERIC_STD.TO_UNSIGNED: vector truncated
at 16910 ns, Instance /tb_fifo_6b/ : Warning: NUMERIC_STD.TO_UNSIGNED: vector truncated
at 16910 ns, Instance /tb_fifo_6b/ : Warning: NUMERIC_STD.TO_UNSIGNED: vector truncated
at 17120 ns, Instance /tb_fifo_6b/ : Warning: NUMERIC_STD.TO_UNSIGNED: vector truncated
at 17120 ns, Instance /tb_fifo_6b/ : Warning: NUMERIC_STD.TO_UNSIGNED: vector truncated
at 17120 ns, Instance /tb_fifo_6b/ : Warning: NUMERIC_STD.TO_UNSIGNED: vector truncated
at 17120 ns, Instance /tb_fifo_6b/ : Warning: NUMERIC_STD.TO_UNSIGNED: vector truncated
at 17330 ns, Instance /tb_fifo_6b/ : Warning: NUMERIC_STD.TO_UNSIGNED: vector truncated
at 17330 ns, Instance /tb_fifo_6b/ : Warning: NUMERIC_STD.TO_UNSIGNED: vector truncated
at 17330 ns, Instance /tb_fifo_6b/ : Warning: NUMERIC_STD.TO_UNSIGNED: vector truncated
at 17330 ns, Instance /tb_fifo_6b/ : Warning: NUMERIC_STD.TO_UNSIGNED: vector truncated
at 17540 ns, Instance /tb_fifo_6b/ : Warning: NUMERIC_STD.TO_UNSIGNED: vector truncated
at 17540 ns, Instance /tb_fifo_6b/ : Warning: NUMERIC_STD.TO_UNSIGNED: vector truncated
at 17540 ns, Instance /tb_fifo_6b/ : Warning: NUMERIC_STD.TO_UNSIGNED: vector truncated
at 17540 ns, Instance /tb_fifo_6b/ : Warning: NUMERIC_STD.TO_UNSIGNED: vector truncated
at 17750 ns, Instance /tb_fifo_6b/ : Warning: NUMERIC_STD.TO_UNSIGNED: vector truncated
at 17750 ns, Instance /tb_fifo_6b/ : Warning: NUMERIC_STD.TO_UNSIGNED: vector truncated
at 17750 ns, Instance /tb_fifo_6b/ : Warning: NUMERIC_STD.TO_UNSIGNED: vector truncated
at 17750 ns, Instance /tb_fifo_6b/ : Warning: NUMERIC_STD.TO_UNSIGNED: vector truncated
at 17960 ns, Instance /tb_fifo_6b/ : Warning: NUMERIC_STD.TO_UNSIGNED: vector truncated
at 17960 ns, Instance /tb_fifo_6b/ : Warning: NUMERIC_STD.TO_UNSIGNED: vector truncated
at 17960 ns, Instance /tb_fifo_6b/ : Warning: NUMERIC_STD.TO_UNSIGNED: vector truncated
at 17960 ns, Instance /tb_fifo_6b/ : Warning: NUMERIC_STD.TO_UNSIGNED: vector truncated
at 18170 ns, Instance /tb_fifo_6b/ : Warning: NUMERIC_STD.TO_UNSIGNED: vector truncated
at 18170 ns, Instance /tb_fifo_6b/ : Warning: NUMERIC_STD.TO_UNSIGNED: vector truncated
at 18170 ns, Instance /tb_fifo_6b/ : Warning: NUMERIC_STD.TO_UNSIGNED: vector truncated
at 18170 ns, Instance /tb_fifo_6b/ : Warning: NUMERIC_STD.TO_UNSIGNED: vector truncated
at 18380 ns, Instance /tb_fifo_6b/ : Warning: NUMERIC_STD.TO_UNSIGNED: vector truncated
at 18380 ns, Instance /tb_fifo_6b/ : Warning: NUMERIC_STD.TO_UNSIGNED: vector truncated
at 18380 ns, Instance /tb_fifo_6b/ : Warning: NUMERIC_STD.TO_UNSIGNED: vector truncated
at 18380 ns, Instance /tb_fifo_6b/ : Warning: NUMERIC_STD.TO_UNSIGNED: vector truncated
at 18590 ns, Instance /tb_fifo_6b/ : Warning: NUMERIC_STD.TO_UNSIGNED: vector truncated
at 18590 ns, Instance /tb_fifo_6b/ : Warning: NUMERIC_STD.TO_UNSIGNED: vector truncated
at 18590 ns, Instance /tb_fifo_6b/ : Warning: NUMERIC_STD.TO_UNSIGNED: vector truncated
at 18590 ns, Instance /tb_fifo_6b/ : Warning: NUMERIC_STD.TO_UNSIGNED: vector truncated
at 18800 ns, Instance /tb_fifo_6b/ : Warning: NUMERIC_STD.TO_UNSIGNED: vector truncated
at 18800 ns, Instance /tb_fifo_6b/ : Warning: NUMERIC_STD.TO_UNSIGNED: vector truncated
at 18800 ns, Instance /tb_fifo_6b/ : Warning: NUMERIC_STD.TO_UNSIGNED: vector truncated
at 18800 ns, Instance /tb_fifo_6b/ : Warning: NUMERIC_STD.TO_UNSIGNED: vector truncated
at 19010 ns, Instance /tb_fifo_6b/ : Warning: NUMERIC_STD.TO_UNSIGNED: vector truncated
at 19010 ns, Instance /tb_fifo_6b/ : Warning: NUMERIC_STD.TO_UNSIGNED: vector truncated
at 19010 ns, Instance /tb_fifo_6b/ : Warning: NUMERIC_STD.TO_UNSIGNED: vector truncated
at 19010 ns, Instance /tb_fifo_6b/ : Warning: NUMERIC_STD.TO_UNSIGNED: vector truncated
at 19220 ns, Instance /tb_fifo_6b/ : Warning: NUMERIC_STD.TO_UNSIGNED: vector truncated
at 19220 ns, Instance /tb_fifo_6b/ : Warning: NUMERIC_STD.TO_UNSIGNED: vector truncated
at 19220 ns, Instance /tb_fifo_6b/ : Warning: NUMERIC_STD.TO_UNSIGNED: vector truncated
at 19220 ns, Instance /tb_fifo_6b/ : Warning: NUMERIC_STD.TO_UNSIGNED: vector truncated
at 19430 ns, Instance /tb_fifo_6b/ : Warning: NUMERIC_STD.TO_UNSIGNED: vector truncated
at 19430 ns, Instance /tb_fifo_6b/ : Warning: NUMERIC_STD.TO_UNSIGNED: vector truncated
at 19430 ns, Instance /tb_fifo_6b/ : Warning: NUMERIC_STD.TO_UNSIGNED: vector truncated
at 19430 ns, Instance /tb_fifo_6b/ : Warning: NUMERIC_STD.TO_UNSIGNED: vector truncated
at 19640 ns, Instance /tb_fifo_6b/ : Warning: NUMERIC_STD.TO_UNSIGNED: vector truncated
at 19640 ns, Instance /tb_fifo_6b/ : Warning: NUMERIC_STD.TO_UNSIGNED: vector truncated
at 19640 ns, Instance /tb_fifo_6b/ : Warning: NUMERIC_STD.TO_UNSIGNED: vector truncated
at 19640 ns, Instance /tb_fifo_6b/ : Warning: NUMERIC_STD.TO_UNSIGNED: vector truncated
at 19850 ns, Instance /tb_fifo_6b/ : Warning: NUMERIC_STD.TO_UNSIGNED: vector truncated
at 19850 ns, Instance /tb_fifo_6b/ : Warning: NUMERIC_STD.TO_UNSIGNED: vector truncated
at 19850 ns, Instance /tb_fifo_6b/ : Warning: NUMERIC_STD.TO_UNSIGNED: vector truncated
at 19850 ns, Instance /tb_fifo_6b/ : Warning: NUMERIC_STD.TO_UNSIGNED: vector truncated
at 20060 ns, Instance /tb_fifo_6b/ : Warning: NUMERIC_STD.TO_UNSIGNED: vector truncated
at 20060 ns, Instance /tb_fifo_6b/ : Warning: NUMERIC_STD.TO_UNSIGNED: vector truncated
at 20060 ns, Instance /tb_fifo_6b/ : Warning: NUMERIC_STD.TO_UNSIGNED: vector truncated
at 20060 ns, Instance /tb_fifo_6b/ : Warning: NUMERIC_STD.TO_UNSIGNED: vector truncated
at 20270 ns, Instance /tb_fifo_6b/ : Warning: NUMERIC_STD.TO_UNSIGNED: vector truncated
at 20270 ns, Instance /tb_fifo_6b/ : Warning: NUMERIC_STD.TO_UNSIGNED: vector truncated
at 20270 ns, Instance /tb_fifo_6b/ : Warning: NUMERIC_STD.TO_UNSIGNED: vector truncated
at 20270 ns, Instance /tb_fifo_6b/ : Warning: NUMERIC_STD.TO_UNSIGNED: vector truncated
at 20480 ns, Instance /tb_fifo_6b/ : Warning: NUMERIC_STD.TO_UNSIGNED: vector truncated
at 20480 ns, Instance /tb_fifo_6b/ : Warning: NUMERIC_STD.TO_UNSIGNED: vector truncated
at 20480 ns, Instance /tb_fifo_6b/ : Warning: NUMERIC_STD.TO_UNSIGNED: vector truncated
at 20480 ns, Instance /tb_fifo_6b/ : Warning: NUMERIC_STD.TO_UNSIGNED: vector truncated
at 20690 ns, Instance /tb_fifo_6b/ : Warning: NUMERIC_STD.TO_UNSIGNED: vector truncated
at 20690 ns, Instance /tb_fifo_6b/ : Warning: NUMERIC_STD.TO_UNSIGNED: vector truncated
at 20690 ns, Instance /tb_fifo_6b/ : Warning: NUMERIC_STD.TO_UNSIGNED: vector truncated
at 20690 ns, Instance /tb_fifo_6b/ : Warning: NUMERIC_STD.TO_UNSIGNED: vector truncated
at 20900 ns, Instance /tb_fifo_6b/ : Warning: NUMERIC_STD.TO_UNSIGNED: vector truncated
at 20900 ns, Instance /tb_fifo_6b/ : Warning: NUMERIC_STD.TO_UNSIGNED: vector truncated
at 20900 ns, Instance /tb_fifo_6b/ : Warning: NUMERIC_STD.TO_UNSIGNED: vector truncated
at 20900 ns, Instance /tb_fifo_6b/ : Warning: NUMERIC_STD.TO_UNSIGNED: vector truncated
at 21110 ns, Instance /tb_fifo_6b/ : Warning: NUMERIC_STD.TO_UNSIGNED: vector truncated
at 21110 ns, Instance /tb_fifo_6b/ : Warning: NUMERIC_STD.TO_UNSIGNED: vector truncated
at 21110 ns, Instance /tb_fifo_6b/ : Warning: NUMERIC_STD.TO_UNSIGNED: vector truncated
at 21110 ns, Instance /tb_fifo_6b/ : Warning: NUMERIC_STD.TO_UNSIGNED: vector truncated
at 21320 ns, Instance /tb_fifo_6b/ : Warning: NUMERIC_STD.TO_UNSIGNED: vector truncated
at 21320 ns, Instance /tb_fifo_6b/ : Warning: NUMERIC_STD.TO_UNSIGNED: vector truncated
at 21320 ns, Instance /tb_fifo_6b/ : Warning: NUMERIC_STD.TO_UNSIGNED: vector truncated
at 21320 ns, Instance /tb_fifo_6b/ : Warning: NUMERIC_STD.TO_UNSIGNED: vector truncated
at 21530 ns, Instance /tb_fifo_6b/ : Warning: NUMERIC_STD.TO_UNSIGNED: vector truncated
at 21530 ns, Instance /tb_fifo_6b/ : Warning: NUMERIC_STD.TO_UNSIGNED: vector truncated
at 21530 ns, Instance /tb_fifo_6b/ : Warning: NUMERIC_STD.TO_UNSIGNED: vector truncated
at 21530 ns, Instance /tb_fifo_6b/ : Warning: NUMERIC_STD.TO_UNSIGNED: vector truncated
at 21740 ns, Instance /tb_fifo_6b/ : Warning: NUMERIC_STD.TO_UNSIGNED: vector truncated
at 21740 ns, Instance /tb_fifo_6b/ : Warning: NUMERIC_STD.TO_UNSIGNED: vector truncated
at 21740 ns, Instance /tb_fifo_6b/ : Warning: NUMERIC_STD.TO_UNSIGNED: vector truncated
at 21740 ns, Instance /tb_fifo_6b/ : Warning: NUMERIC_STD.TO_UNSIGNED: vector truncated
at 21950 ns, Instance /tb_fifo_6b/ : Warning: NUMERIC_STD.TO_UNSIGNED: vector truncated
at 21950 ns, Instance /tb_fifo_6b/ : Warning: NUMERIC_STD.TO_UNSIGNED: vector truncated
at 21950 ns, Instance /tb_fifo_6b/ : Warning: NUMERIC_STD.TO_UNSIGNED: vector truncated
at 21950 ns, Instance /tb_fifo_6b/ : Warning: NUMERIC_STD.TO_UNSIGNED: vector truncated
at 22160 ns, Instance /tb_fifo_6b/ : Warning: NUMERIC_STD.TO_UNSIGNED: vector truncated
at 22160 ns, Instance /tb_fifo_6b/ : Warning: NUMERIC_STD.TO_UNSIGNED: vector truncated
at 22160 ns, Instance /tb_fifo_6b/ : Warning: NUMERIC_STD.TO_UNSIGNED: vector truncated
at 22160 ns, Instance /tb_fifo_6b/ : Warning: NUMERIC_STD.TO_UNSIGNED: vector truncated
at 22370 ns, Instance /tb_fifo_6b/ : Warning: NUMERIC_STD.TO_UNSIGNED: vector truncated
at 22370 ns, Instance /tb_fifo_6b/ : Warning: NUMERIC_STD.TO_UNSIGNED: vector truncated
at 22370 ns, Instance /tb_fifo_6b/ : Warning: NUMERIC_STD.TO_UNSIGNED: vector truncated
at 22370 ns, Instance /tb_fifo_6b/ : Warning: NUMERIC_STD.TO_UNSIGNED: vector truncated
at 22580 ns, Instance /tb_fifo_6b/ : Warning: NUMERIC_STD.TO_UNSIGNED: vector truncated
at 22580 ns, Instance /tb_fifo_6b/ : Warning: NUMERIC_STD.TO_UNSIGNED: vector truncated
at 22580 ns, Instance /tb_fifo_6b/ : Warning: NUMERIC_STD.TO_UNSIGNED: vector truncated
at 22580 ns, Instance /tb_fifo_6b/ : Warning: NUMERIC_STD.TO_UNSIGNED: vector truncated
at 22790 ns, Instance /tb_fifo_6b/ : Warning: NUMERIC_STD.TO_UNSIGNED: vector truncated
at 22790 ns, Instance /tb_fifo_6b/ : Warning: NUMERIC_STD.TO_UNSIGNED: vector truncated
at 22790 ns, Instance /tb_fifo_6b/ : Warning: NUMERIC_STD.TO_UNSIGNED: vector truncated
at 22790 ns, Instance /tb_fifo_6b/ : Warning: NUMERIC_STD.TO_UNSIGNED: vector truncated
at 23 us, Instance /tb_fifo_6b/ : Warning: NUMERIC_STD.TO_UNSIGNED: vector truncated
at 23 us, Instance /tb_fifo_6b/ : Warning: NUMERIC_STD.TO_UNSIGNED: vector truncated
at 23 us, Instance /tb_fifo_6b/ : Warning: NUMERIC_STD.TO_UNSIGNED: vector truncated
at 23 us, Instance /tb_fifo_6b/ : Warning: NUMERIC_STD.TO_UNSIGNED: vector truncated
at 23210 ns, Instance /tb_fifo_6b/ : Warning: NUMERIC_STD.TO_UNSIGNED: vector truncated
at 23210 ns, Instance /tb_fifo_6b/ : Warning: NUMERIC_STD.TO_UNSIGNED: vector truncated
at 23210 ns, Instance /tb_fifo_6b/ : Warning: NUMERIC_STD.TO_UNSIGNED: vector truncated
at 23210 ns, Instance /tb_fifo_6b/ : Warning: NUMERIC_STD.TO_UNSIGNED: vector truncated
at 23420 ns, Instance /tb_fifo_6b/ : Warning: NUMERIC_STD.TO_UNSIGNED: vector truncated
at 23420 ns, Instance /tb_fifo_6b/ : Warning: NUMERIC_STD.TO_UNSIGNED: vector truncated
at 23420 ns, Instance /tb_fifo_6b/ : Warning: NUMERIC_STD.TO_UNSIGNED: vector truncated
at 23420 ns, Instance /tb_fifo_6b/ : Warning: NUMERIC_STD.TO_UNSIGNED: vector truncated
at 23630 ns, Instance /tb_fifo_6b/ : Warning: NUMERIC_STD.TO_UNSIGNED: vector truncated
at 23630 ns, Instance /tb_fifo_6b/ : Warning: NUMERIC_STD.TO_UNSIGNED: vector truncated
at 23630 ns, Instance /tb_fifo_6b/ : Warning: NUMERIC_STD.TO_UNSIGNED: vector truncated
at 23630 ns, Instance /tb_fifo_6b/ : Warning: NUMERIC_STD.TO_UNSIGNED: vector truncated
at 23840 ns, Instance /tb_fifo_6b/ : Warning: NUMERIC_STD.TO_UNSIGNED: vector truncated
at 23840 ns, Instance /tb_fifo_6b/ : Warning: NUMERIC_STD.TO_UNSIGNED: vector truncated
at 23840 ns, Instance /tb_fifo_6b/ : Warning: NUMERIC_STD.TO_UNSIGNED: vector truncated
at 23840 ns, Instance /tb_fifo_6b/ : Warning: NUMERIC_STD.TO_UNSIGNED: vector truncated
at 24050 ns, Instance /tb_fifo_6b/ : Warning: NUMERIC_STD.TO_UNSIGNED: vector truncated
at 24050 ns, Instance /tb_fifo_6b/ : Warning: NUMERIC_STD.TO_UNSIGNED: vector truncated
at 24050 ns, Instance /tb_fifo_6b/ : Warning: NUMERIC_STD.TO_UNSIGNED: vector truncated
at 24050 ns, Instance /tb_fifo_6b/ : Warning: NUMERIC_STD.TO_UNSIGNED: vector truncated
at 24260 ns, Instance /tb_fifo_6b/ : Warning: NUMERIC_STD.TO_UNSIGNED: vector truncated
at 24260 ns, Instance /tb_fifo_6b/ : Warning: NUMERIC_STD.TO_UNSIGNED: vector truncated
at 24260 ns, Instance /tb_fifo_6b/ : Warning: NUMERIC_STD.TO_UNSIGNED: vector truncated
at 24260 ns, Instance /tb_fifo_6b/ : Warning: NUMERIC_STD.TO_UNSIGNED: vector truncated
at 24470 ns, Instance /tb_fifo_6b/ : Warning: NUMERIC_STD.TO_UNSIGNED: vector truncated
at 24470 ns, Instance /tb_fifo_6b/ : Warning: NUMERIC_STD.TO_UNSIGNED: vector truncated
at 24470 ns, Instance /tb_fifo_6b/ : Warning: NUMERIC_STD.TO_UNSIGNED: vector truncated
at 24470 ns, Instance /tb_fifo_6b/ : Warning: NUMERIC_STD.TO_UNSIGNED: vector truncated
at 24680 ns, Instance /tb_fifo_6b/ : Warning: NUMERIC_STD.TO_UNSIGNED: vector truncated
at 24680 ns, Instance /tb_fifo_6b/ : Warning: NUMERIC_STD.TO_UNSIGNED: vector truncated
at 24680 ns, Instance /tb_fifo_6b/ : Warning: NUMERIC_STD.TO_UNSIGNED: vector truncated
at 24680 ns, Instance /tb_fifo_6b/ : Warning: NUMERIC_STD.TO_UNSIGNED: vector truncated
at 24890 ns, Instance /tb_fifo_6b/ : Warning: NUMERIC_STD.TO_UNSIGNED: vector truncated
at 24890 ns, Instance /tb_fifo_6b/ : Warning: NUMERIC_STD.TO_UNSIGNED: vector truncated
at 24890 ns, Instance /tb_fifo_6b/ : Warning: NUMERIC_STD.TO_UNSIGNED: vector truncated
at 24890 ns, Instance /tb_fifo_6b/ : Warning: NUMERIC_STD.TO_UNSIGNED: vector truncated
at 25100 ns, Instance /tb_fifo_6b/ : Warning: NUMERIC_STD.TO_UNSIGNED: vector truncated
at 25100 ns, Instance /tb_fifo_6b/ : Warning: NUMERIC_STD.TO_UNSIGNED: vector truncated
at 25100 ns, Instance /tb_fifo_6b/ : Warning: NUMERIC_STD.TO_UNSIGNED: vector truncated
at 25100 ns, Instance /tb_fifo_6b/ : Warning: NUMERIC_STD.TO_UNSIGNED: vector truncated
at 25310 ns, Instance /tb_fifo_6b/ : Warning: NUMERIC_STD.TO_UNSIGNED: vector truncated
at 25310 ns, Instance /tb_fifo_6b/ : Warning: NUMERIC_STD.TO_UNSIGNED: vector truncated
at 25310 ns, Instance /tb_fifo_6b/ : Warning: NUMERIC_STD.TO_UNSIGNED: vector truncated
at 25310 ns, Instance /tb_fifo_6b/ : Warning: NUMERIC_STD.TO_UNSIGNED: vector truncated
at 25520 ns, Instance /tb_fifo_6b/ : Warning: NUMERIC_STD.TO_UNSIGNED: vector truncated
at 25520 ns, Instance /tb_fifo_6b/ : Warning: NUMERIC_STD.TO_UNSIGNED: vector truncated
at 25520 ns, Instance /tb_fifo_6b/ : Warning: NUMERIC_STD.TO_UNSIGNED: vector truncated
at 25520 ns, Instance /tb_fifo_6b/ : Warning: NUMERIC_STD.TO_UNSIGNED: vector truncated
at 25730 ns, Instance /tb_fifo_6b/ : Warning: NUMERIC_STD.TO_UNSIGNED: vector truncated
at 25730 ns, Instance /tb_fifo_6b/ : Warning: NUMERIC_STD.TO_UNSIGNED: vector truncated
at 25730 ns, Instance /tb_fifo_6b/ : Warning: NUMERIC_STD.TO_UNSIGNED: vector truncated
at 25730 ns, Instance /tb_fifo_6b/ : Warning: NUMERIC_STD.TO_UNSIGNED: vector truncated
at 25940 ns, Instance /tb_fifo_6b/ : Warning: NUMERIC_STD.TO_UNSIGNED: vector truncated
at 25940 ns, Instance /tb_fifo_6b/ : Warning: NUMERIC_STD.TO_UNSIGNED: vector truncated
at 25940 ns, Instance /tb_fifo_6b/ : Warning: NUMERIC_STD.TO_UNSIGNED: vector truncated
at 25940 ns, Instance /tb_fifo_6b/ : Warning: NUMERIC_STD.TO_UNSIGNED: vector truncated
at 26150 ns, Instance /tb_fifo_6b/ : Warning: NUMERIC_STD.TO_UNSIGNED: vector truncated
at 26150 ns, Instance /tb_fifo_6b/ : Warning: NUMERIC_STD.TO_UNSIGNED: vector truncated
at 26150 ns, Instance /tb_fifo_6b/ : Warning: NUMERIC_STD.TO_UNSIGNED: vector truncated
at 26150 ns, Instance /tb_fifo_6b/ : Warning: NUMERIC_STD.TO_UNSIGNED: vector truncated
at 26360 ns, Instance /tb_fifo_6b/ : Warning: NUMERIC_STD.TO_UNSIGNED: vector truncated
at 26360 ns, Instance /tb_fifo_6b/ : Warning: NUMERIC_STD.TO_UNSIGNED: vector truncated
at 26360 ns, Instance /tb_fifo_6b/ : Warning: NUMERIC_STD.TO_UNSIGNED: vector truncated
at 26360 ns, Instance /tb_fifo_6b/ : Warning: NUMERIC_STD.TO_UNSIGNED: vector truncated
at 26570 ns, Instance /tb_fifo_6b/ : Warning: NUMERIC_STD.TO_UNSIGNED: vector truncated
at 26570 ns, Instance /tb_fifo_6b/ : Warning: NUMERIC_STD.TO_UNSIGNED: vector truncated
at 26570 ns, Instance /tb_fifo_6b/ : Warning: NUMERIC_STD.TO_UNSIGNED: vector truncated
at 26570 ns, Instance /tb_fifo_6b/ : Warning: NUMERIC_STD.TO_UNSIGNED: vector truncated
at 26780 ns, Instance /tb_fifo_6b/ : Warning: NUMERIC_STD.TO_UNSIGNED: vector truncated
at 26780 ns, Instance /tb_fifo_6b/ : Warning: NUMERIC_STD.TO_UNSIGNED: vector truncated
at 26780 ns, Instance /tb_fifo_6b/ : Warning: NUMERIC_STD.TO_UNSIGNED: vector truncated
at 26780 ns, Instance /tb_fifo_6b/ : Warning: NUMERIC_STD.TO_UNSIGNED: vector truncated
at 26990 ns, Instance /tb_fifo_6b/ : Warning: NUMERIC_STD.TO_UNSIGNED: vector truncated
at 26990 ns, Instance /tb_fifo_6b/ : Warning: NUMERIC_STD.TO_UNSIGNED: vector truncated
at 26990 ns, Instance /tb_fifo_6b/ : Warning: NUMERIC_STD.TO_UNSIGNED: vector truncated
at 26990 ns, Instance /tb_fifo_6b/ : Warning: NUMERIC_STD.TO_UNSIGNED: vector truncated
# restart
# run 1.00us
Simulator is doing circuit initialization process.
at 0 ps, Instance /tb_fifo_6b/uut/FIFO_1/\fu_gen(0)\/RAM_01/ : Warning: CONV_INTEGER: There is an 'U'|'X'|'W'|'Z'|'-' in an arithmetic operand, and it has been converted to 0.
at 0 ps, Instance /tb_fifo_6b/uut/FIFO_1/\fu_gen(1)\/RAM_01/ : Warning: CONV_INTEGER: There is an 'U'|'X'|'W'|'Z'|'-' in an arithmetic operand, and it has been converted to 0.
at 0 ps, Instance /tb_fifo_6b/uut/FIFO_1/\fu_gen(2)\/RAM_01/ : Warning: CONV_INTEGER: There is an 'U'|'X'|'W'|'Z'|'-' in an arithmetic operand, and it has been converted to 0.
at 0 ps, Instance /tb_fifo_6b/uut/FIFO_1/\fu_gen(3)\/RAM_01/ : Warning: CONV_INTEGER: There is an 'U'|'X'|'W'|'Z'|'-' in an arithmetic operand, and it has been converted to 0.
at 0 ps, Instance /tb_fifo_6b/uut/FIFO_1/\fu_gen(4)\/RAM_01/ : Warning: CONV_INTEGER: There is an 'U'|'X'|'W'|'Z'|'-' in an arithmetic operand, and it has been converted to 0.
at 0 ps, Instance /tb_fifo_6b/uut/FIFO_1/\fu_gen(5)\/RAM_01/ : Warning: CONV_INTEGER: There is an 'U'|'X'|'W'|'Z'|'-' in an arithmetic operand, and it has been converted to 0.
at 0 ps, Instance /tb_fifo_6b/uut/FIFO_1/\fu_gen(6)\/RAM_01/ : Warning: CONV_INTEGER: There is an 'U'|'X'|'W'|'Z'|'-' in an arithmetic operand, and it has been converted to 0.
at 0 ps, Instance /tb_fifo_6b/uut/FIFO_1/\fu_gen(7)\/RAM_01/ : Warning: CONV_INTEGER: There is an 'U'|'X'|'W'|'Z'|'-' in an arithmetic operand, and it has been converted to 0.
at 0 ps, Instance /tb_fifo_6b/uut/FIFO_1/\fu_gen(8)\/RAM_01/ : Warning: CONV_INTEGER: There is an 'U'|'X'|'W'|'Z'|'-' in an arithmetic operand, and it has been converted to 0.
at 0 ps, Instance /tb_fifo_6b/uut/FIFO_1/\fu_gen(9)\/RAM_01/ : Warning: CONV_INTEGER: There is an 'U'|'X'|'W'|'Z'|'-' in an arithmetic operand, and it has been converted to 0.
at 0 ps, Instance /tb_fifo_6b/uut/FIFO_1/\fu_gen(10)\/RAM_01/ : Warning: CONV_INTEGER: There is an 'U'|'X'|'W'|'Z'|'-' in an arithmetic operand, and it has been converted to 0.
at 0 ps, Instance /tb_fifo_6b/uut/FIFO_1/\fu_gen(11)\/RAM_01/ : Warning: CONV_INTEGER: There is an 'U'|'X'|'W'|'Z'|'-' in an arithmetic operand, and it has been converted to 0.
at 0 ps, Instance /tb_fifo_6b/uut/FIFO_1/\fu_gen(12)\/RAM_01/ : Warning: CONV_INTEGER: There is an 'U'|'X'|'W'|'Z'|'-' in an arithmetic operand, and it has been converted to 0.
at 0 ps, Instance /tb_fifo_6b/uut/FIFO_1/\fu_gen(13)\/RAM_01/ : Warning: CONV_INTEGER: There is an 'U'|'X'|'W'|'Z'|'-' in an arithmetic operand, and it has been converted to 0.
at 0 ps, Instance /tb_fifo_6b/uut/FIFO_1/\fu_gen(14)\/RAM_01/ : Warning: CONV_INTEGER: There is an 'U'|'X'|'W'|'Z'|'-' in an arithmetic operand, and it has been converted to 0.
at 0 ps, Instance /tb_fifo_6b/uut/FIFO_1/\fu_gen(15)\/RAM_01/ : Warning: CONV_INTEGER: There is an 'U'|'X'|'W'|'Z'|'-' in an arithmetic operand, and it has been converted to 0.
at 0 ps, Instance /tb_fifo_6b/uut/FIFO_1/\fu_gen(16)\/RAM_01/ : Warning: CONV_INTEGER: There is an 'U'|'X'|'W'|'Z'|'-' in an arithmetic operand, and it has been converted to 0.
at 0 ps, Instance /tb_fifo_6b/uut/FIFO_1/\fu_gen(17)\/RAM_01/ : Warning: CONV_INTEGER: There is an 'U'|'X'|'W'|'Z'|'-' in an arithmetic operand, and it has been converted to 0.
at 0 ps, Instance /tb_fifo_6b/uut/FIFO_1/\fu_gen(18)\/RAM_01/ : Warning: CONV_INTEGER: There is an 'U'|'X'|'W'|'Z'|'-' in an arithmetic operand, and it has been converted to 0.
at 0 ps, Instance /tb_fifo_6b/uut/FIFO_1/\fu_gen(19)\/RAM_01/ : Warning: CONV_INTEGER: There is an 'U'|'X'|'W'|'Z'|'-' in an arithmetic operand, and it has been converted to 0.
at 0 ps, Instance /tb_fifo_6b/uut/FIFO_1/\fu_gen(20)\/RAM_01/ : Warning: CONV_INTEGER: There is an 'U'|'X'|'W'|'Z'|'-' in an arithmetic operand, and it has been converted to 0.
at 0 ps, Instance /tb_fifo_6b/uut/FIFO_1/\fu_gen(21)\/RAM_01/ : Warning: CONV_INTEGER: There is an 'U'|'X'|'W'|'Z'|'-' in an arithmetic operand, and it has been converted to 0.
at 0 ps, Instance /tb_fifo_6b/uut/FIFO_1/\fu_gen(22)\/RAM_01/ : Warning: CONV_INTEGER: There is an 'U'|'X'|'W'|'Z'|'-' in an arithmetic operand, and it has been converted to 0.
at 0 ps, Instance /tb_fifo_6b/uut/FIFO_1/\fu_gen(23)\/RAM_01/ : Warning: CONV_INTEGER: There is an 'U'|'X'|'W'|'Z'|'-' in an arithmetic operand, and it has been converted to 0.
at 0 ps, Instance /tb_fifo_6b/uut/FIFO_1/\fu_gen(24)\/RAM_01/ : Warning: CONV_INTEGER: There is an 'U'|'X'|'W'|'Z'|'-' in an arithmetic operand, and it has been converted to 0.
at 0 ps, Instance /tb_fifo_6b/uut/FIFO_1/\fu_gen(25)\/RAM_01/ : Warning: CONV_INTEGER: There is an 'U'|'X'|'W'|'Z'|'-' in an arithmetic operand, and it has been converted to 0.
at 0 ps, Instance /tb_fifo_6b/uut/FIFO_1/\fu_gen(26)\/RAM_01/ : Warning: CONV_INTEGER: There is an 'U'|'X'|'W'|'Z'|'-' in an arithmetic operand, and it has been converted to 0.
at 0 ps, Instance /tb_fifo_6b/uut/FIFO_1/\fu_gen(27)\/RAM_01/ : Warning: CONV_INTEGER: There is an 'U'|'X'|'W'|'Z'|'-' in an arithmetic operand, and it has been converted to 0.
at 0 ps, Instance /tb_fifo_6b/uut/FIFO_1/\fu_gen(28)\/RAM_01/ : Warning: CONV_INTEGER: There is an 'U'|'X'|'W'|'Z'|'-' in an arithmetic operand, and it has been converted to 0.
at 0 ps, Instance /tb_fifo_6b/uut/FIFO_1/\fu_gen(29)\/RAM_01/ : Warning: CONV_INTEGER: There is an 'U'|'X'|'W'|'Z'|'-' in an arithmetic operand, and it has been converted to 0.
at 0 ps, Instance /tb_fifo_6b/uut/FIFO_1/\fu_gen(30)\/RAM_01/ : Warning: CONV_INTEGER: There is an 'U'|'X'|'W'|'Z'|'-' in an arithmetic operand, and it has been converted to 0.
at 0 ps, Instance /tb_fifo_6b/uut/FIFO_1/\fu_gen(31)\/RAM_01/ : Warning: CONV_INTEGER: There is an 'U'|'X'|'W'|'Z'|'-' in an arithmetic operand, and it has been converted to 0.
at 0 ps: Note: WARNING: Behavioral models for independent clock FIFO configurations do not model synchronization delays. The behavioral models are functionally correct, and will represent the behavior of the configured FIFO. See the FIFO Generator User Guide for more information. (/tb_fifo_6b/uup/U0/gconvfifo/inst_conv_fifo/).
Finished circuit initialization process.
# run 1.00us
# run 1.00us
# run 1.00us
