Release 13.4 - ngc2edif O.87xd (nt)
Copyright (c) 1995-2011 Xilinx, Inc.  All rights reserved.
Reading design top.ngc ...
WARNING:NetListWriters:298 - No output is written to top.xncf, ignored.
Processing design ...
   Preping design's networks ...
   Preping design's macros ...
WARNING:NetListWriters:306 - Signal bus LDPC_INSTRUCTION<12 : 0> on block
   comb_alu_1 is not reconstructed, because there are some missing bus signals.
WARNING:NetListWriters:306 - Signal bus BB_MUX0000<28 : 2> on block mult is not
   reconstructed, because there are some missing bus signals.
WARNING:NetListWriters:306 - Signal bus MSUB_COUNT_REG_ADDSUB0000_LUT<2 : 0> on
   block mult is not reconstructed, because there are some missing bus signals.
WARNING:NetListWriters:306 - Signal bus C_SOURCE_MUX0001<2 : 0> on block control
   is not reconstructed, because there are some missing bus signals.
WARNING:NetListWriters:305 - Port bus IPB_TO_SLAVES<3>_IPB_WDATA has a
   mismatched property name ipb_to_slaves on block ipbus_fabric.
WARNING:NetListWriters:303 - Unable to preserve the ordering for port bus
   IPB_TO_SLAVES<3>_IPB_WDATA on block ipbus_fabric using the data
   ipb_to_slaves<3>_ipb_wdata<31:0>.
WARNING:NetListWriters:305 - Port bus IPB_TO_SLAVES<2>_IPB_WDATA has a
   mismatched property name ipb_to_slaves on block ipbus_fabric.
WARNING:NetListWriters:303 - Unable to preserve the ordering for port bus
   IPB_TO_SLAVES<2>_IPB_WDATA on block ipbus_fabric using the data
   ipb_to_slaves<2>_ipb_wdata<31:0>.
WARNING:NetListWriters:305 - Port bus IPB_TO_SLAVES<0>_IPB_WDATA has a
   mismatched property name ipb_to_slaves on block ipbus_fabric.
WARNING:NetListWriters:303 - Unable to preserve the ordering for port bus
   IPB_TO_SLAVES<0>_IPB_WDATA on block ipbus_fabric using the data
   ipb_to_slaves<0>_ipb_wdata<31:0>.
WARNING:NetListWriters:305 - Port bus IPB_TO_SLAVES<0>_IPB_ADDR has a mismatched
   property name ipb_to_slaves on block ipbus_fabric.
WARNING:NetListWriters:303 - Unable to preserve the ordering for port bus
   IPB_TO_SLAVES<0>_IPB_ADDR on block ipbus_fabric using the data
   ipb_to_slaves<0>_ipb_addr<31:0>.
WARNING:NetListWriters:305 - Port bus IPB_TO_SLAVES<1>_IPB_ADDR has a mismatched
   property name ipb_to_slaves on block ipbus_fabric.
WARNING:NetListWriters:303 - Unable to preserve the ordering for port bus
   IPB_TO_SLAVES<1>_IPB_ADDR on block ipbus_fabric using the data
   ipb_to_slaves<1>_ipb_addr<31:0>.
WARNING:NetListWriters:305 - Port bus IPB_TO_SLAVES<2>_IPB_ADDR has a mismatched
   property name ipb_to_slaves on block ipbus_fabric.
WARNING:NetListWriters:303 - Unable to preserve the ordering for port bus
   IPB_TO_SLAVES<2>_IPB_ADDR on block ipbus_fabric using the data
   ipb_to_slaves<2>_ipb_addr<31:0>.
WARNING:NetListWriters:305 - Port bus IPB_TO_SLAVES<3>_IPB_ADDR has a mismatched
   property name ipb_to_slaves on block ipbus_fabric.
WARNING:NetListWriters:303 - Unable to preserve the ordering for port bus
   IPB_TO_SLAVES<3>_IPB_ADDR on block ipbus_fabric using the data
   ipb_to_slaves<3>_ipb_addr<31:0>.
WARNING:NetListWriters:305 - Port bus IPB_TO_SLAVES<1>_IPB_WDATA has a
   mismatched property name ipb_to_slaves on block ipbus_fabric.
WARNING:NetListWriters:303 - Unable to preserve the ordering for port bus
   IPB_TO_SLAVES<1>_IPB_WDATA on block ipbus_fabric using the data
   ipb_to_slaves<1>_ipb_wdata<31:0>.
WARNING:NetListWriters:305 - Port bus IPB_FROM_SLAVES<2>_IPB_RDATA has a
   mismatched property name ipb_from_slaves on block ipbus_fabric.
WARNING:NetListWriters:303 - Unable to preserve the ordering for port bus
   IPB_FROM_SLAVES<2>_IPB_RDATA on block ipbus_fabric using the data
   ipb_from_slaves<2>_ipb_rdata<31:0>.
WARNING:NetListWriters:305 - Port bus IPB_FROM_SLAVES<0>_IPB_RDATA has a
   mismatched property name ipb_from_slaves on block ipbus_fabric.
WARNING:NetListWriters:303 - Unable to preserve the ordering for port bus
   IPB_FROM_SLAVES<0>_IPB_RDATA on block ipbus_fabric using the data
   ipb_from_slaves<0>_ipb_rdata<31:0>.
WARNING:NetListWriters:305 - Port bus IPB_FROM_SLAVES<3>_IPB_RDATA has a
   mismatched property name ipb_from_slaves on block ipbus_fabric.
WARNING:NetListWriters:303 - Unable to preserve the ordering for port bus
   IPB_FROM_SLAVES<3>_IPB_RDATA on block ipbus_fabric using the data
   ipb_from_slaves<3>_ipb_rdata<31:0>.
WARNING:NetListWriters:305 - Port bus IPB_FROM_SLAVES<1>_IPB_RDATA has a
   mismatched property name ipb_from_slaves on block ipbus_fabric.
WARNING:NetListWriters:303 - Unable to preserve the ordering for port bus
   IPB_FROM_SLAVES<1>_IPB_RDATA on block ipbus_fabric using the data
   ipb_from_slaves<1>_ipb_rdata<31:0>.
WARNING:NetListWriters:306 - Signal bus HDR<31 : 3> on block transactor_tx is
   not reconstructed, because there are some missing bus signals.
WARNING:NetListWriters:306 - Signal bus TX_DATA_MUX0000<23 : 9> on block
   transactor_tx is not reconstructed, because there are some missing bus
   signals.
WARNING:NetListWriters:306 - Signal bus MSUB_WORDS_SHARE0000_CY<6 : 1> on block
   transactor_sm is not reconstructed, because there are some missing bus
   signals.
WARNING:NetListWriters:306 - Signal bus ADDR_END<8 : 4> on block transactor_rx
   is not reconstructed, because there are some missing bus signals.
WARNING:NetListWriters:305 - Port bus TOMI_BUS<0>_WADDR has a mismatched
   property name tomi_bus on block bus_arb.
WARNING:NetListWriters:303 - Unable to preserve the ordering for port bus
   TOMI_BUS<0>_WADDR on block bus_arb using the data tomi_bus<0>_waddr<9:0>.
WARNING:NetListWriters:305 - Port bus TOMI_BUS<1>_RADDR has a mismatched
   property name tomi_bus on block bus_arb.
WARNING:NetListWriters:303 - Unable to preserve the ordering for port bus
   TOMI_BUS<1>_RADDR on block bus_arb using the data tomi_bus<1>_raddr<9:0>.
WARNING:NetListWriters:305 - Port bus TOMI_BUS<1>_WDATA has a mismatched
   property name tomi_bus on block bus_arb.
WARNING:NetListWriters:303 - Unable to preserve the ordering for port bus
   TOMI_BUS<1>_WDATA on block bus_arb using the data tomi_bus<1>_wdata<31:0>.
WARNING:NetListWriters:305 - Port bus TOMI_BUS<1>_WADDR has a mismatched
   property name tomi_bus on block bus_arb.
WARNING:NetListWriters:303 - Unable to preserve the ordering for port bus
   TOMI_BUS<1>_WADDR on block bus_arb using the data tomi_bus<1>_waddr<9:0>.
WARNING:NetListWriters:305 - Port bus TOMI_BUS<0>_RADDR has a mismatched
   property name tomi_bus on block bus_arb.
WARNING:NetListWriters:303 - Unable to preserve the ordering for port bus
   TOMI_BUS<0>_RADDR on block bus_arb using the data tomi_bus<0>_raddr<9:0>.
WARNING:NetListWriters:305 - Port bus TOMI_BUS<0>_WDATA has a mismatched
   property name tomi_bus on block bus_arb.
WARNING:NetListWriters:303 - Unable to preserve the ordering for port bus
   TOMI_BUS<0>_WDATA on block bus_arb using the data tomi_bus<0>_wdata<31:0>.
WARNING:NetListWriters:305 - Port bus MOTI_BUS<1>_RDATA has a mismatched
   property name moti_bus on block bus_arb.
WARNING:NetListWriters:303 - Unable to preserve the ordering for port bus
   MOTI_BUS<1>_RDATA on block bus_arb using the data moti_bus<1>_rdata<31:0>.
WARNING:NetListWriters:305 - Port bus MOTI_BUS<0>_RDATA has a mismatched
   property name moti_bus on block bus_arb.
WARNING:NetListWriters:303 - Unable to preserve the ordering for port bus
   MOTI_BUS<0>_RDATA on block bus_arb using the data moti_bus<0>_rdata<31:0>.
WARNING:NetListWriters:306 - Signal bus COMPAREIP<7 : 0> on block arp is not
   reconstructed, because there are some missing bus signals.
WARNING:NetListWriters:306 - Signal bus MADD_PACKET_READ_ADDR_SHARE0000_CY<3 :
   1> on block arp is not reconstructed, because there are some missing bus
   signals.
WARNING:NetListWriters:306 - Signal bus SELF_RXA<10 : 0> on block packet_handler
   is not reconstructed, because there are some missing bus signals.
WARNING:NetListWriters:305 - Port bus OOB_TOMI_BUS<0>_RADDR has a mismatched
   property name oob_tomi_bus on block ipbus_ctrl.
WARNING:NetListWriters:303 - Unable to preserve the ordering for port bus
   OOB_TOMI_BUS<0>_RADDR on block ipbus_ctrl using the data
   oob_tomi_bus<0>_raddr<9:0>.
WARNING:NetListWriters:305 - Port bus OOB_TOMI_BUS<0>_WDATA has a mismatched
   property name oob_tomi_bus on block ipbus_ctrl.
WARNING:NetListWriters:303 - Unable to preserve the ordering for port bus
   OOB_TOMI_BUS<0>_WDATA on block ipbus_ctrl using the data
   oob_tomi_bus<0>_wdata<31:0>.
WARNING:NetListWriters:305 - Port bus OOB_TOMI_BUS<0>_WADDR has a mismatched
   property name oob_tomi_bus on block ipbus_ctrl.
WARNING:NetListWriters:303 - Unable to preserve the ordering for port bus
   OOB_TOMI_BUS<0>_WADDR on block ipbus_ctrl using the data
   oob_tomi_bus<0>_waddr<9:0>.
WARNING:NetListWriters:305 - Port bus OOB_MOTI_BUS<0>_RDATA has a mismatched
   property name oob_moti_bus on block ipbus_ctrl.
WARNING:NetListWriters:303 - Unable to preserve the ordering for port bus
   OOB_MOTI_BUS<0>_RDATA on block ipbus_ctrl using the data
   oob_moti_bus<0>_rdata<31:0>.
  finished :Prep
Writing EDIF netlist file top.edif ...
ngc2edif: Total memory usage is 79304 kilobytes

Release 13.4 - ngc2edif O.87xd (nt)
Copyright (c) 1995-2011 Xilinx, Inc.  All rights reserved.
Reading design dpbr8.ngc ...
WARNING:NetListWriters:298 - No output is written to dpbr8.xncf, ignored.
Processing design ...
   Preping design's networks ...
   Preping design's macros ...
  finished :Prep
Writing EDIF netlist file dpbr8.edif ...
ngc2edif: Total memory usage is 42632 kilobytes

Release 13.4 - ngc2edif O.87xd (nt)
Copyright (c) 1995-2011 Xilinx, Inc.  All rights reserved.
Reading design dpbr_8_32.ngc ...
WARNING:NetListWriters:298 - No output is written to dpbr_8_32.xncf, ignored.
Processing design ...
   Preping design's networks ...
   Preping design's macros ...
  finished :Prep
Writing EDIF netlist file dpbr_8_32.edif ...
ngc2edif: Total memory usage is 42632 kilobytes

Release 13.4 - ngc2edif O.87xd (nt)
Copyright (c) 1995-2011 Xilinx, Inc.  All rights reserved.
Reading design fifo_2048_words.ngc ...
WARNING:NetListWriters:298 - No output is written to fifo_2048_words.xncf,
   ignored.
Processing design ...
   Preping design's networks ...
   Preping design's macros ...
WARNING:NetListWriters:306 - Signal bus
   U0/xst_fifo_generator/gconvfifo.rf/grf.rf/rstblk/rd_rst_reg<2 : 0> on block
   fifo_2048_words is not reconstructed, because there are some missing bus
   signals.
  finished :Prep
Writing EDIF netlist file fifo_2048_words.edif ...
ngc2edif: Total memory usage is 42632 kilobytes

Release 13.4 - ngc2edif O.87xd (nt)
Copyright (c) 1995-2011 Xilinx, Inc.  All rights reserved.
Reading design fifo_16384_words.ngc ...
WARNING:NetListWriters:298 - No output is written to fifo_16384_words.xncf,
   ignored.
Processing design ...
   Preping design's networks ...
   Preping design's macros ...
WARNING:NetListWriters:306 - Signal bus
   U0/xst_fifo_generator/gconvfifo.rf/grf.rf/rstblk/rd_rst_reg<2 : 0> on block
   fifo_16384_words is not reconstructed, because there are some missing bus
   signals.
  finished :Prep
Writing EDIF netlist file fifo_16384_words.edif ...
ngc2edif: Total memory usage is 42632 kilobytes

Release 13.4 - ngc2edif O.87xd (nt)
Copyright (c) 1995-2011 Xilinx, Inc.  All rights reserved.
Reading design top.ngc ...
WARNING:NetListWriters:298 - No output is written to top.xncf, ignored.
Processing design ...
   Preping design's networks ...
   Preping design's macros ...
WARNING:NetListWriters:306 - Signal bus LDPC_INSTRUCTION<12 : 0> on block
   comb_alu_1 is not reconstructed, because there are some missing bus signals.
WARNING:NetListWriters:306 - Signal bus BB_MUX0000<12 : 2> on block mult is not
   reconstructed, because there are some missing bus signals.
WARNING:NetListWriters:306 - Signal bus MSUB_COUNT_REG_ADDSUB0000_LUT<2 : 0> on
   block mult is not reconstructed, because there are some missing bus signals.
WARNING:NetListWriters:306 - Signal bus C_SOURCE_MUX0001<2 : 0> on block control
   is not reconstructed, because there are some missing bus signals.
WARNING:NetListWriters:305 - Port bus IPB_TO_SLAVES<3>_IPB_WDATA has a
   mismatched property name ipb_to_slaves on block ipbus_fabric.
WARNING:NetListWriters:303 - Unable to preserve the ordering for port bus
   IPB_TO_SLAVES<3>_IPB_WDATA on block ipbus_fabric using the data
   ipb_to_slaves<3>_ipb_wdata<31:0>.
WARNING:NetListWriters:305 - Port bus IPB_TO_SLAVES<2>_IPB_WDATA has a
   mismatched property name ipb_to_slaves on block ipbus_fabric.
WARNING:NetListWriters:303 - Unable to preserve the ordering for port bus
   IPB_TO_SLAVES<2>_IPB_WDATA on block ipbus_fabric using the data
   ipb_to_slaves<2>_ipb_wdata<31:0>.
WARNING:NetListWriters:305 - Port bus IPB_TO_SLAVES<0>_IPB_WDATA has a
   mismatched property name ipb_to_slaves on block ipbus_fabric.
WARNING:NetListWriters:303 - Unable to preserve the ordering for port bus
   IPB_TO_SLAVES<0>_IPB_WDATA on block ipbus_fabric using the data
   ipb_to_slaves<0>_ipb_wdata<31:0>.
WARNING:NetListWriters:305 - Port bus IPB_TO_SLAVES<0>_IPB_ADDR has a mismatched
   property name ipb_to_slaves on block ipbus_fabric.
WARNING:NetListWriters:303 - Unable to preserve the ordering for port bus
   IPB_TO_SLAVES<0>_IPB_ADDR on block ipbus_fabric using the data
   ipb_to_slaves<0>_ipb_addr<31:0>.
WARNING:NetListWriters:305 - Port bus IPB_TO_SLAVES<1>_IPB_ADDR has a mismatched
   property name ipb_to_slaves on block ipbus_fabric.
WARNING:NetListWriters:303 - Unable to preserve the ordering for port bus
   IPB_TO_SLAVES<1>_IPB_ADDR on block ipbus_fabric using the data
   ipb_to_slaves<1>_ipb_addr<31:0>.
WARNING:NetListWriters:305 - Port bus IPB_TO_SLAVES<2>_IPB_ADDR has a mismatched
   property name ipb_to_slaves on block ipbus_fabric.
WARNING:NetListWriters:303 - Unable to preserve the ordering for port bus
   IPB_TO_SLAVES<2>_IPB_ADDR on block ipbus_fabric using the data
   ipb_to_slaves<2>_ipb_addr<31:0>.
WARNING:NetListWriters:305 - Port bus IPB_TO_SLAVES<3>_IPB_ADDR has a mismatched
   property name ipb_to_slaves on block ipbus_fabric.
WARNING:NetListWriters:303 - Unable to preserve the ordering for port bus
   IPB_TO_SLAVES<3>_IPB_ADDR on block ipbus_fabric using the data
   ipb_to_slaves<3>_ipb_addr<31:0>.
WARNING:NetListWriters:305 - Port bus IPB_TO_SLAVES<1>_IPB_WDATA has a
   mismatched property name ipb_to_slaves on block ipbus_fabric.
WARNING:NetListWriters:303 - Unable to preserve the ordering for port bus
   IPB_TO_SLAVES<1>_IPB_WDATA on block ipbus_fabric using the data
   ipb_to_slaves<1>_ipb_wdata<31:0>.
WARNING:NetListWriters:305 - Port bus IPB_FROM_SLAVES<2>_IPB_RDATA has a
   mismatched property name ipb_from_slaves on block ipbus_fabric.
WARNING:NetListWriters:303 - Unable to preserve the ordering for port bus
   IPB_FROM_SLAVES<2>_IPB_RDATA on block ipbus_fabric using the data
   ipb_from_slaves<2>_ipb_rdata<31:0>.
WARNING:NetListWriters:305 - Port bus IPB_FROM_SLAVES<0>_IPB_RDATA has a
   mismatched property name ipb_from_slaves on block ipbus_fabric.
WARNING:NetListWriters:303 - Unable to preserve the ordering for port bus
   IPB_FROM_SLAVES<0>_IPB_RDATA on block ipbus_fabric using the data
   ipb_from_slaves<0>_ipb_rdata<31:0>.
WARNING:NetListWriters:305 - Port bus IPB_FROM_SLAVES<3>_IPB_RDATA has a
   mismatched property name ipb_from_slaves on block ipbus_fabric.
WARNING:NetListWriters:303 - Unable to preserve the ordering for port bus
   IPB_FROM_SLAVES<3>_IPB_RDATA on block ipbus_fabric using the data
   ipb_from_slaves<3>_ipb_rdata<31:0>.
WARNING:NetListWriters:305 - Port bus IPB_FROM_SLAVES<1>_IPB_RDATA has a
   mismatched property name ipb_from_slaves on block ipbus_fabric.
WARNING:NetListWriters:303 - Unable to preserve the ordering for port bus
   IPB_FROM_SLAVES<1>_IPB_RDATA on block ipbus_fabric using the data
   ipb_from_slaves<1>_ipb_rdata<31:0>.
WARNING:NetListWriters:306 - Signal bus HDR<31 : 3> on block transactor_tx is
   not reconstructed, because there are some missing bus signals.
WARNING:NetListWriters:306 - Signal bus TX_DATA_MUX0000<23 : 9> on block
   transactor_tx is not reconstructed, because there are some missing bus
   signals.
WARNING:NetListWriters:306 - Signal bus ADDR<15 : 12> on block transactor_sm is
   not reconstructed, because there are some missing bus signals.
WARNING:NetListWriters:306 - Signal bus ADDR_MUX0000<15 : 12> on block
   transactor_sm is not reconstructed, because there are some missing bus
   signals.
WARNING:NetListWriters:306 - Signal bus MSUB_WORDS_SHARE0000_CY<6 : 1> on block
   transactor_sm is not reconstructed, because there are some missing bus
   signals.
WARNING:NetListWriters:306 - Signal bus ADDR_END<8 : 4> on block transactor_rx
   is not reconstructed, because there are some missing bus signals.
WARNING:NetListWriters:305 - Port bus TOMI_BUS<0>_WADDR has a mismatched
   property name tomi_bus on block bus_arb.
WARNING:NetListWriters:303 - Unable to preserve the ordering for port bus
   TOMI_BUS<0>_WADDR on block bus_arb using the data tomi_bus<0>_waddr<9:0>.
WARNING:NetListWriters:305 - Port bus TOMI_BUS<1>_RADDR has a mismatched
   property name tomi_bus on block bus_arb.
WARNING:NetListWriters:303 - Unable to preserve the ordering for port bus
   TOMI_BUS<1>_RADDR on block bus_arb using the data tomi_bus<1>_raddr<9:0>.
WARNING:NetListWriters:305 - Port bus TOMI_BUS<1>_WDATA has a mismatched
   property name tomi_bus on block bus_arb.
WARNING:NetListWriters:303 - Unable to preserve the ordering for port bus
   TOMI_BUS<1>_WDATA on block bus_arb using the data tomi_bus<1>_wdata<31:0>.
WARNING:NetListWriters:305 - Port bus TOMI_BUS<1>_WADDR has a mismatched
   property name tomi_bus on block bus_arb.
WARNING:NetListWriters:303 - Unable to preserve the ordering for port bus
   TOMI_BUS<1>_WADDR on block bus_arb using the data tomi_bus<1>_waddr<9:0>.
WARNING:NetListWriters:305 - Port bus TOMI_BUS<0>_RADDR has a mismatched
   property name tomi_bus on block bus_arb.
WARNING:NetListWriters:303 - Unable to preserve the ordering for port bus
   TOMI_BUS<0>_RADDR on block bus_arb using the data tomi_bus<0>_raddr<9:0>.
WARNING:NetListWriters:305 - Port bus TOMI_BUS<0>_WDATA has a mismatched
   property name tomi_bus on block bus_arb.
WARNING:NetListWriters:303 - Unable to preserve the ordering for port bus
   TOMI_BUS<0>_WDATA on block bus_arb using the data tomi_bus<0>_wdata<31:0>.
WARNING:NetListWriters:305 - Port bus MOTI_BUS<1>_RDATA has a mismatched
   property name moti_bus on block bus_arb.
WARNING:NetListWriters:303 - Unable to preserve the ordering for port bus
   MOTI_BUS<1>_RDATA on block bus_arb using the data moti_bus<1>_rdata<31:0>.
WARNING:NetListWriters:305 - Port bus MOTI_BUS<0>_RDATA has a mismatched
   property name moti_bus on block bus_arb.
WARNING:NetListWriters:303 - Unable to preserve the ordering for port bus
   MOTI_BUS<0>_RDATA on block bus_arb using the data moti_bus<0>_rdata<31:0>.
WARNING:NetListWriters:306 - Signal bus COMPAREIP<7 : 0> on block arp is not
   reconstructed, because there are some missing bus signals.
WARNING:NetListWriters:306 - Signal bus MADD_PACKET_READ_ADDR_SHARE0000_CY<3 :
   1> on block arp is not reconstructed, because there are some missing bus
   signals.
WARNING:NetListWriters:306 - Signal bus SELF_RXA<10 : 0> on block packet_handler
   is not reconstructed, because there are some missing bus signals.
WARNING:NetListWriters:305 - Port bus OOB_TOMI_BUS<0>_RADDR has a mismatched
   property name oob_tomi_bus on block ipbus_ctrl.
WARNING:NetListWriters:303 - Unable to preserve the ordering for port bus
   OOB_TOMI_BUS<0>_RADDR on block ipbus_ctrl using the data
   oob_tomi_bus<0>_raddr<9:0>.
WARNING:NetListWriters:305 - Port bus OOB_TOMI_BUS<0>_WDATA has a mismatched
   property name oob_tomi_bus on block ipbus_ctrl.
WARNING:NetListWriters:303 - Unable to preserve the ordering for port bus
   OOB_TOMI_BUS<0>_WDATA on block ipbus_ctrl using the data
   oob_tomi_bus<0>_wdata<31:0>.
WARNING:NetListWriters:305 - Port bus OOB_TOMI_BUS<0>_WADDR has a mismatched
   property name oob_tomi_bus on block ipbus_ctrl.
WARNING:NetListWriters:303 - Unable to preserve the ordering for port bus
   OOB_TOMI_BUS<0>_WADDR on block ipbus_ctrl using the data
   oob_tomi_bus<0>_waddr<9:0>.
WARNING:NetListWriters:305 - Port bus OOB_MOTI_BUS<0>_RDATA has a mismatched
   property name oob_moti_bus on block ipbus_ctrl.
WARNING:NetListWriters:303 - Unable to preserve the ordering for port bus
   OOB_MOTI_BUS<0>_RDATA on block ipbus_ctrl using the data
   oob_moti_bus<0>_rdata<31:0>.
  finished :Prep
Writing EDIF netlist file top.edif ...
ngc2edif: Total memory usage is 79304 kilobytes

Release 13.4 - ngc2edif O.87xd (nt)
Copyright (c) 1995-2011 Xilinx, Inc.  All rights reserved.
Reading design dpbr8.ngc ...
WARNING:NetListWriters:298 - No output is written to dpbr8.xncf, ignored.
Processing design ...
   Preping design's networks ...
   Preping design's macros ...
  finished :Prep
Writing EDIF netlist file dpbr8.edif ...
ngc2edif: Total memory usage is 42632 kilobytes

Release 13.4 - ngc2edif O.87xd (nt)
Copyright (c) 1995-2011 Xilinx, Inc.  All rights reserved.
Reading design dpbr_8_32.ngc ...
WARNING:NetListWriters:298 - No output is written to dpbr_8_32.xncf, ignored.
Processing design ...
   Preping design's networks ...
   Preping design's macros ...
  finished :Prep
Writing EDIF netlist file dpbr_8_32.edif ...
ngc2edif: Total memory usage is 42632 kilobytes

Release 13.4 - ngc2edif O.87xd (nt)
Copyright (c) 1995-2011 Xilinx, Inc.  All rights reserved.
Reading design fifo_2048_words.ngc ...
WARNING:NetListWriters:298 - No output is written to fifo_2048_words.xncf,
   ignored.
Processing design ...
   Preping design's networks ...
   Preping design's macros ...
WARNING:NetListWriters:306 - Signal bus
   U0/xst_fifo_generator/gconvfifo.rf/grf.rf/rstblk/rd_rst_reg<2 : 0> on block
   fifo_2048_words is not reconstructed, because there are some missing bus
   signals.
  finished :Prep
Writing EDIF netlist file fifo_2048_words.edif ...
ngc2edif: Total memory usage is 42632 kilobytes

Release 13.4 - ngc2edif O.87xd (nt)
Copyright (c) 1995-2011 Xilinx, Inc.  All rights reserved.
Reading design fifo_16384_words.ngc ...
WARNING:NetListWriters:298 - No output is written to fifo_16384_words.xncf,
   ignored.
Processing design ...
   Preping design's networks ...
   Preping design's macros ...
WARNING:NetListWriters:306 - Signal bus
   U0/xst_fifo_generator/gconvfifo.rf/grf.rf/rstblk/rd_rst_reg<2 : 0> on block
   fifo_16384_words is not reconstructed, because there are some missing bus
   signals.
  finished :Prep
Writing EDIF netlist file fifo_16384_words.edif ...
ngc2edif: Total memory usage is 42632 kilobytes

Release 13.4 - ngc2edif O.87xd (nt)
Copyright (c) 1995-2011 Xilinx, Inc.  All rights reserved.
Reading design top_cs.ngc ...
WARNING:NetListWriters:298 - No output is written to top_cs.xncf, ignored.
Processing design ...
   Preping design's networks ...
   Preping design's macros ...
WARNING:NetListWriters:306 - Signal bus
   U0/xst_fifo_generator/gconvfifo.rf/grf.rf/rstblk/rd_rst_reg<2 : 0> on block
   fifo_2048_words is not reconstructed, because there are some missing bus
   signals.
WARNING:NetListWriters:306 - Signal bus
   U0/xst_fifo_generator/gconvfifo.rf/grf.rf/rstblk/rd_rst_reg<2 : 0> on block
   fifo_256_words is not reconstructed, because there are some missing bus
   signals.
WARNING:NetListWriters:306 - Signal bus INPUT_1_BUS<999 : 0> on block Input_MUXs
   is not reconstructed, because there are some missing bus signals.
WARNING:NetListWriters:306 - Signal bus LDPC_INSTRUCTION<12 : 0> on block
   comb_alu_1 is not reconstructed, because there are some missing bus signals.
WARNING:NetListWriters:306 - Signal bus C_SOURCE_MUX0001<2 : 0> on block control
   is not reconstructed, because there are some missing bus signals.
WARNING:NetListWriters:305 - Port bus IPB_TO_SLAVES<3>_IPB_WDATA has a
   mismatched property name ipb_to_slaves on block ipbus_fabric.
WARNING:NetListWriters:303 - Unable to preserve the ordering for port bus
   IPB_TO_SLAVES<3>_IPB_WDATA on block ipbus_fabric using the data
   ipb_to_slaves<3>_ipb_wdata<31:0>.
WARNING:NetListWriters:305 - Port bus IPB_TO_SLAVES<2>_IPB_WDATA has a
   mismatched property name ipb_to_slaves on block ipbus_fabric.
WARNING:NetListWriters:303 - Unable to preserve the ordering for port bus
   IPB_TO_SLAVES<2>_IPB_WDATA on block ipbus_fabric using the data
   ipb_to_slaves<2>_ipb_wdata<31:0>.
WARNING:NetListWriters:305 - Port bus IPB_TO_SLAVES<0>_IPB_WDATA has a
   mismatched property name ipb_to_slaves on block ipbus_fabric.
WARNING:NetListWriters:303 - Unable to preserve the ordering for port bus
   IPB_TO_SLAVES<0>_IPB_WDATA on block ipbus_fabric using the data
   ipb_to_slaves<0>_ipb_wdata<31:0>.
WARNING:NetListWriters:305 - Port bus IPB_TO_SLAVES<0>_IPB_ADDR has a mismatched
   property name ipb_to_slaves on block ipbus_fabric.
WARNING:NetListWriters:303 - Unable to preserve the ordering for port bus
   IPB_TO_SLAVES<0>_IPB_ADDR on block ipbus_fabric using the data
   ipb_to_slaves<0>_ipb_addr<31:0>.
WARNING:NetListWriters:305 - Port bus IPB_TO_SLAVES<1>_IPB_ADDR has a mismatched
   property name ipb_to_slaves on block ipbus_fabric.
WARNING:NetListWriters:303 - Unable to preserve the ordering for port bus
   IPB_TO_SLAVES<1>_IPB_ADDR on block ipbus_fabric using the data
   ipb_to_slaves<1>_ipb_addr<31:0>.
WARNING:NetListWriters:305 - Port bus IPB_TO_SLAVES<2>_IPB_ADDR has a mismatched
   property name ipb_to_slaves on block ipbus_fabric.
WARNING:NetListWriters:303 - Unable to preserve the ordering for port bus
   IPB_TO_SLAVES<2>_IPB_ADDR on block ipbus_fabric using the data
   ipb_to_slaves<2>_ipb_addr<31:0>.
WARNING:NetListWriters:305 - Port bus IPB_TO_SLAVES<3>_IPB_ADDR has a mismatched
   property name ipb_to_slaves on block ipbus_fabric.
WARNING:NetListWriters:303 - Unable to preserve the ordering for port bus
   IPB_TO_SLAVES<3>_IPB_ADDR on block ipbus_fabric using the data
   ipb_to_slaves<3>_ipb_addr<31:0>.
WARNING:NetListWriters:305 - Port bus IPB_TO_SLAVES<1>_IPB_WDATA has a
   mismatched property name ipb_to_slaves on block ipbus_fabric.
WARNING:NetListWriters:303 - Unable to preserve the ordering for port bus
   IPB_TO_SLAVES<1>_IPB_WDATA on block ipbus_fabric using the data
   ipb_to_slaves<1>_ipb_wdata<31:0>.
WARNING:NetListWriters:305 - Port bus IPB_FROM_SLAVES<2>_IPB_RDATA has a
   mismatched property name ipb_from_slaves on block ipbus_fabric.
WARNING:NetListWriters:303 - Unable to preserve the ordering for port bus
   IPB_FROM_SLAVES<2>_IPB_RDATA on block ipbus_fabric using the data
   ipb_from_slaves<2>_ipb_rdata<31:0>.
WARNING:NetListWriters:305 - Port bus IPB_FROM_SLAVES<0>_IPB_RDATA has a
   mismatched property name ipb_from_slaves on block ipbus_fabric.
WARNING:NetListWriters:303 - Unable to preserve the ordering for port bus
   IPB_FROM_SLAVES<0>_IPB_RDATA on block ipbus_fabric using the data
   ipb_from_slaves<0>_ipb_rdata<31:0>.
WARNING:NetListWriters:305 - Port bus IPB_FROM_SLAVES<3>_IPB_RDATA has a
   mismatched property name ipb_from_slaves on block ipbus_fabric.
WARNING:NetListWriters:303 - Unable to preserve the ordering for port bus
   IPB_FROM_SLAVES<3>_IPB_RDATA on block ipbus_fabric using the data
   ipb_from_slaves<3>_ipb_rdata<31:0>.
WARNING:NetListWriters:305 - Port bus IPB_FROM_SLAVES<1>_IPB_RDATA has a
   mismatched property name ipb_from_slaves on block ipbus_fabric.
WARNING:NetListWriters:303 - Unable to preserve the ordering for port bus
   IPB_FROM_SLAVES<1>_IPB_RDATA on block ipbus_fabric using the data
   ipb_from_slaves<1>_ipb_rdata<31:0>.
WARNING:NetListWriters:306 - Signal bus HDR<31 : 3> on block transactor_tx is
   not reconstructed, because there are some missing bus signals.
WARNING:NetListWriters:306 - Signal bus TX_DATA_MUX0000<23 : 9> on block
   transactor_tx is not reconstructed, because there are some missing bus
   signals.
WARNING:NetListWriters:306 - Signal bus ADDR<15 : 12> on block transactor_sm is
   not reconstructed, because there are some missing bus signals.
WARNING:NetListWriters:306 - Signal bus ADDR_MUX0000<15 : 12> on block
   transactor_sm is not reconstructed, because there are some missing bus
   signals.
WARNING:NetListWriters:306 - Signal bus MSUB_WORDS_SHARE0000_CY<6 : 1> on block
   transactor_sm is not reconstructed, because there are some missing bus
   signals.
WARNING:NetListWriters:306 - Signal bus ADDR_END<8 : 4> on block transactor_rx
   is not reconstructed, because there are some missing bus signals.
WARNING:NetListWriters:305 - Port bus TOMI_BUS<0>_WADDR has a mismatched
   property name tomi_bus on block bus_arb.
WARNING:NetListWriters:303 - Unable to preserve the ordering for port bus
   TOMI_BUS<0>_WADDR on block bus_arb using the data tomi_bus<0>_waddr<9:0>.
WARNING:NetListWriters:305 - Port bus TOMI_BUS<1>_RADDR has a mismatched
   property name tomi_bus on block bus_arb.
WARNING:NetListWriters:303 - Unable to preserve the ordering for port bus
   TOMI_BUS<1>_RADDR on block bus_arb using the data tomi_bus<1>_raddr<9:0>.
WARNING:NetListWriters:305 - Port bus TOMI_BUS<1>_WDATA has a mismatched
   property name tomi_bus on block bus_arb.
WARNING:NetListWriters:303 - Unable to preserve the ordering for port bus
   TOMI_BUS<1>_WDATA on block bus_arb using the data tomi_bus<1>_wdata<31:0>.
WARNING:NetListWriters:305 - Port bus TOMI_BUS<1>_WADDR has a mismatched
   property name tomi_bus on block bus_arb.
WARNING:NetListWriters:303 - Unable to preserve the ordering for port bus
   TOMI_BUS<1>_WADDR on block bus_arb using the data tomi_bus<1>_waddr<9:0>.
WARNING:NetListWriters:305 - Port bus TOMI_BUS<0>_RADDR has a mismatched
   property name tomi_bus on block bus_arb.
WARNING:NetListWriters:303 - Unable to preserve the ordering for port bus
   TOMI_BUS<0>_RADDR on block bus_arb using the data tomi_bus<0>_raddr<9:0>.
WARNING:NetListWriters:305 - Port bus TOMI_BUS<0>_WDATA has a mismatched
   property name tomi_bus on block bus_arb.
WARNING:NetListWriters:303 - Unable to preserve the ordering for port bus
   TOMI_BUS<0>_WDATA on block bus_arb using the data tomi_bus<0>_wdata<31:0>.
WARNING:NetListWriters:305 - Port bus MOTI_BUS<1>_RDATA has a mismatched
   property name moti_bus on block bus_arb.
WARNING:NetListWriters:303 - Unable to preserve the ordering for port bus
   MOTI_BUS<1>_RDATA on block bus_arb using the data moti_bus<1>_rdata<31:0>.
WARNING:NetListWriters:305 - Port bus MOTI_BUS<0>_RDATA has a mismatched
   property name moti_bus on block bus_arb.
WARNING:NetListWriters:303 - Unable to preserve the ordering for port bus
   MOTI_BUS<0>_RDATA on block bus_arb using the data moti_bus<0>_rdata<31:0>.
WARNING:NetListWriters:306 - Signal bus COMPAREIP<7 : 0> on block arp is not
   reconstructed, because there are some missing bus signals.
WARNING:NetListWriters:306 - Signal bus MADD_PACKET_READ_ADDR_SHARE0000_CY<3 :
   1> on block arp is not reconstructed, because there are some missing bus
   signals.
WARNING:NetListWriters:306 - Signal bus SELF_RXA<10 : 0> on block packet_handler
   is not reconstructed, because there are some missing bus signals.
WARNING:NetListWriters:305 - Port bus OOB_TOMI_BUS<0>_RADDR has a mismatched
   property name oob_tomi_bus on block ipbus_ctrl.
WARNING:NetListWriters:303 - Unable to preserve the ordering for port bus
   OOB_TOMI_BUS<0>_RADDR on block ipbus_ctrl using the data
   oob_tomi_bus<0>_raddr<9:0>.
WARNING:NetListWriters:305 - Port bus OOB_TOMI_BUS<0>_WDATA has a mismatched
   property name oob_tomi_bus on block ipbus_ctrl.
WARNING:NetListWriters:303 - Unable to preserve the ordering for port bus
   OOB_TOMI_BUS<0>_WDATA on block ipbus_ctrl using the data
   oob_tomi_bus<0>_wdata<31:0>.
WARNING:NetListWriters:305 - Port bus OOB_TOMI_BUS<0>_WADDR has a mismatched
   property name oob_tomi_bus on block ipbus_ctrl.
WARNING:NetListWriters:303 - Unable to preserve the ordering for port bus
   OOB_TOMI_BUS<0>_WADDR on block ipbus_ctrl using the data
   oob_tomi_bus<0>_waddr<9:0>.
WARNING:NetListWriters:305 - Port bus OOB_MOTI_BUS<0>_RDATA has a mismatched
   property name oob_moti_bus on block ipbus_ctrl.
WARNING:NetListWriters:303 - Unable to preserve the ordering for port bus
   OOB_MOTI_BUS<0>_RDATA on block ipbus_ctrl using the data
   oob_moti_bus<0>_rdata<31:0>.
  finished :Prep
Writing EDIF netlist file top_cs.edif ...
ngc2edif: Total memory usage is 84616 kilobytes

Release 13.4 - ngc2edif O.87xd (nt)
Copyright (c) 1995-2011 Xilinx, Inc.  All rights reserved.
Reading design top_ml605_extphy.ngc ...
WARNING:NetListWriters:298 - No output is written to top_ml605_extphy.xncf,
   ignored.
Processing design ...
   Preping design's networks ...
   Preping design's macros ...
WARNING:NetListWriters:305 - Port bus IPB_FROM_SLAVES[3]_IPB_RDATA has a
   mismatched property name ipb_from_slaves on block ipbus_fabric.
WARNING:NetListWriters:303 - Unable to preserve the ordering for port bus
   IPB_FROM_SLAVES[3]_IPB_RDATA on block ipbus_fabric using the data
   ipb_from_slaves[3]_ipb_rdata<31:0>.
WARNING:NetListWriters:305 - Port bus IPB_FROM_SLAVES[2]_IPB_RDATA has a
   mismatched property name ipb_from_slaves on block ipbus_fabric.
WARNING:NetListWriters:303 - Unable to preserve the ordering for port bus
   IPB_FROM_SLAVES[2]_IPB_RDATA on block ipbus_fabric using the data
   ipb_from_slaves[2]_ipb_rdata<31:0>.
WARNING:NetListWriters:305 - Port bus IPB_FROM_SLAVES[1]_IPB_RDATA has a
   mismatched property name ipb_from_slaves on block ipbus_fabric.
WARNING:NetListWriters:303 - Unable to preserve the ordering for port bus
   IPB_FROM_SLAVES[1]_IPB_RDATA on block ipbus_fabric using the data
   ipb_from_slaves[1]_ipb_rdata<31:0>.
WARNING:NetListWriters:305 - Port bus IPB_FROM_SLAVES[0]_IPB_RDATA has a
   mismatched property name ipb_from_slaves on block ipbus_fabric.
WARNING:NetListWriters:303 - Unable to preserve the ordering for port bus
   IPB_FROM_SLAVES[0]_IPB_RDATA on block ipbus_fabric using the data
   ipb_from_slaves[0]_ipb_rdata<31:0>.
WARNING:NetListWriters:305 - Port bus IPB_TO_SLAVES[3]_IPB_ADDR has a mismatched
   property name ipb_to_slaves on block ipbus_fabric.
WARNING:NetListWriters:303 - Unable to preserve the ordering for port bus
   IPB_TO_SLAVES[3]_IPB_ADDR on block ipbus_fabric using the data
   ipb_to_slaves[3]_ipb_addr<31:0>.
WARNING:NetListWriters:305 - Port bus IPB_TO_SLAVES[3]_IPB_WDATA has a
   mismatched property name ipb_to_slaves on block ipbus_fabric.
WARNING:NetListWriters:303 - Unable to preserve the ordering for port bus
   IPB_TO_SLAVES[3]_IPB_WDATA on block ipbus_fabric using the data
   ipb_to_slaves[3]_ipb_wdata<31:0>.
WARNING:NetListWriters:305 - Port bus IPB_TO_SLAVES[2]_IPB_ADDR has a mismatched
   property name ipb_to_slaves on block ipbus_fabric.
WARNING:NetListWriters:303 - Unable to preserve the ordering for port bus
   IPB_TO_SLAVES[2]_IPB_ADDR on block ipbus_fabric using the data
   ipb_to_slaves[2]_ipb_addr<31:0>.
WARNING:NetListWriters:305 - Port bus IPB_TO_SLAVES[2]_IPB_WDATA has a
   mismatched property name ipb_to_slaves on block ipbus_fabric.
WARNING:NetListWriters:303 - Unable to preserve the ordering for port bus
   IPB_TO_SLAVES[2]_IPB_WDATA on block ipbus_fabric using the data
   ipb_to_slaves[2]_ipb_wdata<31:0>.
WARNING:NetListWriters:305 - Port bus IPB_TO_SLAVES[1]_IPB_ADDR has a mismatched
   property name ipb_to_slaves on block ipbus_fabric.
WARNING:NetListWriters:303 - Unable to preserve the ordering for port bus
   IPB_TO_SLAVES[1]_IPB_ADDR on block ipbus_fabric using the data
   ipb_to_slaves[1]_ipb_addr<31:0>.
WARNING:NetListWriters:305 - Port bus IPB_TO_SLAVES[1]_IPB_WDATA has a
   mismatched property name ipb_to_slaves on block ipbus_fabric.
WARNING:NetListWriters:303 - Unable to preserve the ordering for port bus
   IPB_TO_SLAVES[1]_IPB_WDATA on block ipbus_fabric using the data
   ipb_to_slaves[1]_ipb_wdata<31:0>.
WARNING:NetListWriters:305 - Port bus IPB_TO_SLAVES[0]_IPB_ADDR has a mismatched
   property name ipb_to_slaves on block ipbus_fabric.
WARNING:NetListWriters:303 - Unable to preserve the ordering for port bus
   IPB_TO_SLAVES[0]_IPB_ADDR on block ipbus_fabric using the data
   ipb_to_slaves[0]_ipb_addr<31:0>.
WARNING:NetListWriters:305 - Port bus IPB_TO_SLAVES[0]_IPB_WDATA has a
   mismatched property name ipb_to_slaves on block ipbus_fabric.
WARNING:NetListWriters:303 - Unable to preserve the ordering for port bus
   IPB_TO_SLAVES[0]_IPB_WDATA on block ipbus_fabric using the data
   ipb_to_slaves[0]_ipb_wdata<31:0>.
WARNING:NetListWriters:306 - Signal bus SELF_RXA<5 : 0> on block packet_handler
   is not reconstructed, because there are some missing bus signals.
WARNING:NetListWriters:306 - Signal bus _N0289<5 : 0> on block packet_handler is
   not reconstructed, because there are some missing bus signals.
WARNING:NetListWriters:306 - Signal bus STATE[3]_X_28_O_WIDE_MUX_27_OUT<10 : 2>
   on block sub_packetresp is not reconstructed, because there are some missing
   bus signals.
WARNING:NetListWriters:305 - Port bus MOTI_BUS[1]_RDATA has a mismatched
   property name moti_bus on block bus_arb.
WARNING:NetListWriters:303 - Unable to preserve the ordering for port bus
   MOTI_BUS[1]_RDATA on block bus_arb using the data moti_bus[1]_rdata<31:0>.
WARNING:NetListWriters:305 - Port bus MOTI_BUS[0]_RDATA has a mismatched
   property name moti_bus on block bus_arb.
WARNING:NetListWriters:303 - Unable to preserve the ordering for port bus
   MOTI_BUS[0]_RDATA on block bus_arb using the data moti_bus[0]_rdata<31:0>.
WARNING:NetListWriters:305 - Port bus TOMI_BUS[1]_WDATA has a mismatched
   property name tomi_bus on block bus_arb.
WARNING:NetListWriters:303 - Unable to preserve the ordering for port bus
   TOMI_BUS[1]_WDATA on block bus_arb using the data tomi_bus[1]_wdata<31:0>.
WARNING:NetListWriters:305 - Port bus TOMI_BUS[1]_RADDR has a mismatched
   property name tomi_bus on block bus_arb.
WARNING:NetListWriters:303 - Unable to preserve the ordering for port bus
   TOMI_BUS[1]_RADDR on block bus_arb using the data tomi_bus[1]_raddr<9:0>.
WARNING:NetListWriters:305 - Port bus TOMI_BUS[1]_WADDR has a mismatched
   property name tomi_bus on block bus_arb.
WARNING:NetListWriters:303 - Unable to preserve the ordering for port bus
   TOMI_BUS[1]_WADDR on block bus_arb using the data tomi_bus[1]_waddr<9:0>.
WARNING:NetListWriters:305 - Port bus TOMI_BUS[0]_WDATA has a mismatched
   property name tomi_bus on block bus_arb.
WARNING:NetListWriters:303 - Unable to preserve the ordering for port bus
   TOMI_BUS[0]_WDATA on block bus_arb using the data tomi_bus[0]_wdata<31:0>.
WARNING:NetListWriters:305 - Port bus TOMI_BUS[0]_RADDR has a mismatched
   property name tomi_bus on block bus_arb.
WARNING:NetListWriters:303 - Unable to preserve the ordering for port bus
   TOMI_BUS[0]_RADDR on block bus_arb using the data tomi_bus[0]_raddr<9:0>.
WARNING:NetListWriters:305 - Port bus TOMI_BUS[0]_WADDR has a mismatched
   property name tomi_bus on block bus_arb.
WARNING:NetListWriters:303 - Unable to preserve the ordering for port bus
   TOMI_BUS[0]_WADDR on block bus_arb using the data tomi_bus[0]_waddr<9:0>.
WARNING:NetListWriters:306 - Signal bus HDR<31 : 3> on block transactor_tx is
   not reconstructed, because there are some missing bus signals.
WARNING:NetListWriters:306 - Signal bus OUT_HDR[31]_TX_DATA[31]_MUX_45_OUT<23 :
   9> on block transactor_tx is not reconstructed, because there are some
   missing bus signals.
WARNING:NetListWriters:306 - Signal bus ERR_CODE<2 : 0> on block transactor_sm
   is not reconstructed, because there are some missing bus signals.
WARNING:NetListWriters:305 - Port bus OOB_MOTI_BUS[0]_RDATA has a mismatched
   property name oob_moti_bus on block ipbus_ctrl.
WARNING:NetListWriters:303 - Unable to preserve the ordering for port bus
   OOB_MOTI_BUS[0]_RDATA on block ipbus_ctrl using the data
   oob_moti_bus[0]_rdata<31:0>.
WARNING:NetListWriters:305 - Port bus OOB_TOMI_BUS[0]_WDATA has a mismatched
   property name oob_tomi_bus on block ipbus_ctrl.
WARNING:NetListWriters:303 - Unable to preserve the ordering for port bus
   OOB_TOMI_BUS[0]_WDATA on block ipbus_ctrl using the data
   oob_tomi_bus[0]_wdata<31:0>.
WARNING:NetListWriters:305 - Port bus OOB_TOMI_BUS[0]_RADDR has a mismatched
   property name oob_tomi_bus on block ipbus_ctrl.
WARNING:NetListWriters:303 - Unable to preserve the ordering for port bus
   OOB_TOMI_BUS[0]_RADDR on block ipbus_ctrl using the data
   oob_tomi_bus[0]_raddr<9:0>.
WARNING:NetListWriters:305 - Port bus OOB_TOMI_BUS[0]_WADDR has a mismatched
   property name oob_tomi_bus on block ipbus_ctrl.
WARNING:NetListWriters:303 - Unable to preserve the ordering for port bus
   OOB_TOMI_BUS[0]_WADDR on block ipbus_ctrl using the data
   oob_tomi_bus[0]_waddr<9:0>.
  finished :Prep
Writing EDIF netlist file top_ml605_extphy.edif ...
ngc2edif: Total memory usage is 45704 kilobytes

Release 13.4 - ngc2edif O.87xd (nt)
Copyright (c) 1995-2011 Xilinx, Inc.  All rights reserved.
Reading design dpbr8.ngc ...
WARNING:NetListWriters:298 - No output is written to dpbr8.xncf, ignored.
Processing design ...
   Preping design's networks ...
   Preping design's macros ...
  finished :Prep
Writing EDIF netlist file dpbr8.edif ...
ngc2edif: Total memory usage is 42632 kilobytes

Release 13.4 - ngc2edif O.87xd (nt)
Copyright (c) 1995-2011 Xilinx, Inc.  All rights reserved.
Reading design dpbr_8_32.ngc ...
WARNING:NetListWriters:298 - No output is written to dpbr_8_32.xncf, ignored.
Processing design ...
   Preping design's networks ...
   Preping design's macros ...
  finished :Prep
Writing EDIF netlist file dpbr_8_32.edif ...
ngc2edif: Total memory usage is 42632 kilobytes

