--------------------------------------------------------------------------------
Release 13.4 Trace  (nt)
Copyright (c) 1995-2011 Xilinx, Inc.  All rights reserved.

C:\Xilinx\13.4\ISE_DS\ISE\bin\nt\unwrapped\trce.exe -intstyle ise -e 3 -s 1 -n
3 -fastpaths -xml plasma.twx plasma.ncd -o plasma.twr plasma.pcf

Design file:              plasma.ncd
Physical constraint file: plasma.pcf
Device,package,speed:     xc5vfx70t,ff1136,-1 (PRODUCTION 1.73 2012-01-07, STEPPING level 0)
Report level:             error report

Environment Variable      Effect 
--------------------      ------ 
NONE                      No environment variables were set
--------------------------------------------------------------------------------

INFO:Timing:2698 - No timing constraints found, doing default enumeration.
INFO:Timing:3412 - To improve timing, see the Timing Closure User Guide (UG612).
INFO:Timing:2752 - To get complete path coverage, use the unconstrained paths 
   option. All paths that are not constrained will be reported in the 
   unconstrained paths section(s) of the report.
INFO:Timing:3339 - The clock-to-out numbers in this timing report are based on 
   a 50 Ohm transmission line loading model.  For the details of this model, 
   and for more information on accounting for different loading conditions, 
   please see the device datasheet.



Data Sheet report:
-----------------
All values displayed in nanoseconds (ns)

Setup/Hold to clock CLK
-------------------+------------+------------+------------------+--------+
                   |Max Setup to|Max Hold to |                  | Clock  |
Source             | clk (edge) | clk (edge) |Internal Clock(s) | Phase  |
-------------------+------------+------------+------------------+--------+
FIFO_1_ALM_EMPTY   |    3.623(R)|    0.602(R)|CLK_BUFGP         |   0.000|
FIFO_1_COMPTEUR<0> |    3.679(R)|    0.973(R)|CLK_BUFGP         |   0.000|
FIFO_1_COMPTEUR<1> |    3.389(R)|    2.075(R)|CLK_BUFGP         |   0.000|
FIFO_1_COMPTEUR<2> |    5.118(R)|    0.325(R)|CLK_BUFGP         |   0.000|
FIFO_1_COMPTEUR<3> |    5.736(R)|    0.167(R)|CLK_BUFGP         |   0.000|
FIFO_1_COMPTEUR<4> |    4.074(R)|    0.311(R)|CLK_BUFGP         |   0.000|
FIFO_1_COMPTEUR<5> |    5.651(R)|    0.205(R)|CLK_BUFGP         |   0.000|
FIFO_1_COMPTEUR<6> |    4.117(R)|    0.778(R)|CLK_BUFGP         |   0.000|
FIFO_1_COMPTEUR<7> |    6.083(R)|   -0.159(R)|CLK_BUFGP         |   0.000|
FIFO_1_COMPTEUR<8> |    4.421(R)|   -0.191(R)|CLK_BUFGP         |   0.000|
FIFO_1_COMPTEUR<9> |    3.821(R)|    0.555(R)|CLK_BUFGP         |   0.000|
FIFO_1_COMPTEUR<10>|    4.908(R)|    0.234(R)|CLK_BUFGP         |   0.000|
FIFO_1_COMPTEUR<11>|    4.942(R)|   -0.038(R)|CLK_BUFGP         |   0.000|
FIFO_1_COMPTEUR<12>|    5.308(R)|   -0.256(R)|CLK_BUFGP         |   0.000|
FIFO_1_COMPTEUR<13>|    4.509(R)|    0.459(R)|CLK_BUFGP         |   0.000|
FIFO_1_COMPTEUR<14>|    4.259(R)|    0.549(R)|CLK_BUFGP         |   0.000|
FIFO_1_COMPTEUR<15>|    4.451(R)|    0.995(R)|CLK_BUFGP         |   0.000|
FIFO_1_COMPTEUR<16>|    3.823(R)|    0.801(R)|CLK_BUFGP         |   0.000|
FIFO_1_COMPTEUR<17>|    5.355(R)|   -0.094(R)|CLK_BUFGP         |   0.000|
FIFO_1_COMPTEUR<18>|    4.166(R)|    0.744(R)|CLK_BUFGP         |   0.000|
FIFO_1_COMPTEUR<19>|    4.328(R)|    0.307(R)|CLK_BUFGP         |   0.000|
FIFO_1_COMPTEUR<20>|    4.849(R)|   -0.145(R)|CLK_BUFGP         |   0.000|
FIFO_1_COMPTEUR<21>|    4.632(R)|    0.562(R)|CLK_BUFGP         |   0.000|
FIFO_1_COMPTEUR<22>|    4.288(R)|    0.680(R)|CLK_BUFGP         |   0.000|
FIFO_1_COMPTEUR<23>|    4.475(R)|    0.943(R)|CLK_BUFGP         |   0.000|
FIFO_1_COMPTEUR<24>|    5.324(R)|   -0.322(R)|CLK_BUFGP         |   0.000|
FIFO_1_COMPTEUR<25>|    5.219(R)|   -0.509(R)|CLK_BUFGP         |   0.000|
FIFO_1_COMPTEUR<26>|    3.775(R)|    1.001(R)|CLK_BUFGP         |   0.000|
FIFO_1_COMPTEUR<27>|    4.750(R)|    0.147(R)|CLK_BUFGP         |   0.000|
FIFO_1_COMPTEUR<28>|    5.682(R)|   -0.813(R)|CLK_BUFGP         |   0.000|
FIFO_1_COMPTEUR<29>|    5.360(R)|    0.309(R)|CLK_BUFGP         |   0.000|
FIFO_1_COMPTEUR<30>|    5.661(R)|    0.005(R)|CLK_BUFGP         |   0.000|
FIFO_1_COMPTEUR<31>|    6.561(R)|   -0.760(R)|CLK_BUFGP         |   0.000|
FIFO_1_EMPTY       |    3.148(R)|    1.035(R)|CLK_BUFGP         |   0.000|
FIFO_1_FULL        |    2.974(R)|    1.191(R)|CLK_BUFGP         |   0.000|
FIFO_1_OUT_DATA<0> |    3.375(R)|    0.821(R)|CLK_BUFGP         |   0.000|
FIFO_1_OUT_DATA<1> |    4.776(R)|    0.799(R)|CLK_BUFGP         |   0.000|
FIFO_1_OUT_DATA<2> |    4.670(R)|    0.740(R)|CLK_BUFGP         |   0.000|
FIFO_1_OUT_DATA<3> |    4.165(R)|    1.614(R)|CLK_BUFGP         |   0.000|
FIFO_1_OUT_DATA<4> |    3.871(R)|    0.500(R)|CLK_BUFGP         |   0.000|
FIFO_1_OUT_DATA<5> |    5.659(R)|    0.198(R)|CLK_BUFGP         |   0.000|
FIFO_1_OUT_DATA<6> |    2.553(R)|    2.216(R)|CLK_BUFGP         |   0.000|
FIFO_1_OUT_DATA<7> |    3.693(R)|    2.038(R)|CLK_BUFGP         |   0.000|
FIFO_1_OUT_DATA<8> |    2.562(R)|    1.519(R)|CLK_BUFGP         |   0.000|
FIFO_1_OUT_DATA<9> |    2.833(R)|    1.461(R)|CLK_BUFGP         |   0.000|
FIFO_1_OUT_DATA<10>|    3.439(R)|    1.585(R)|CLK_BUFGP         |   0.000|
FIFO_1_OUT_DATA<11>|    3.122(R)|    1.634(R)|CLK_BUFGP         |   0.000|
FIFO_1_OUT_DATA<12>|    2.882(R)|    1.978(R)|CLK_BUFGP         |   0.000|
FIFO_1_OUT_DATA<13>|    3.269(R)|    1.601(R)|CLK_BUFGP         |   0.000|
FIFO_1_OUT_DATA<14>|    3.284(R)|    1.448(R)|CLK_BUFGP         |   0.000|
FIFO_1_OUT_DATA<15>|    4.244(R)|    1.185(R)|CLK_BUFGP         |   0.000|
FIFO_1_OUT_DATA<16>|    2.516(R)|    2.004(R)|CLK_BUFGP         |   0.000|
FIFO_1_OUT_DATA<17>|    2.925(R)|    2.144(R)|CLK_BUFGP         |   0.000|
FIFO_1_OUT_DATA<18>|    2.071(R)|    2.672(R)|CLK_BUFGP         |   0.000|
FIFO_1_OUT_DATA<19>|    2.515(R)|    1.974(R)|CLK_BUFGP         |   0.000|
FIFO_1_OUT_DATA<20>|    1.780(R)|    2.678(R)|CLK_BUFGP         |   0.000|
FIFO_1_OUT_DATA<21>|    3.483(R)|    1.622(R)|CLK_BUFGP         |   0.000|
FIFO_1_OUT_DATA<22>|    2.631(R)|    2.206(R)|CLK_BUFGP         |   0.000|
FIFO_1_OUT_DATA<23>|    2.992(R)|    2.305(R)|CLK_BUFGP         |   0.000|
FIFO_1_OUT_DATA<24>|    2.262(R)|    2.494(R)|CLK_BUFGP         |   0.000|
FIFO_1_OUT_DATA<25>|    2.802(R)|    1.710(R)|CLK_BUFGP         |   0.000|
FIFO_1_OUT_DATA<26>|    3.379(R)|    1.364(R)|CLK_BUFGP         |   0.000|
FIFO_1_OUT_DATA<27>|    3.220(R)|    1.553(R)|CLK_BUFGP         |   0.000|
FIFO_1_OUT_DATA<28>|    2.237(R)|    2.357(R)|CLK_BUFGP         |   0.000|
FIFO_1_OUT_DATA<29>|    3.564(R)|    1.960(R)|CLK_BUFGP         |   0.000|
FIFO_1_OUT_DATA<30>|    3.168(R)|    2.303(R)|CLK_BUFGP         |   0.000|
FIFO_1_OUT_DATA<31>|    3.864(R)|    1.723(R)|CLK_BUFGP         |   0.000|
FIFO_1_VALID       |    2.924(R)|    1.237(R)|CLK_BUFGP         |   0.000|
FIFO_2_FULL        |    4.643(R)|   -0.330(R)|CLK_BUFGP         |   0.000|
FIFO_D_ALM_EMPTY   |    4.884(R)|   -0.554(R)|CLK_BUFGP         |   0.000|
FIFO_D_COMPTEUR<0> |    4.510(R)|   -0.212(R)|CLK_BUFGP         |   0.000|
FIFO_D_COMPTEUR<1> |    5.450(R)|    0.180(R)|CLK_BUFGP         |   0.000|
FIFO_D_COMPTEUR<2> |    5.270(R)|    0.184(R)|CLK_BUFGP         |   0.000|
FIFO_D_COMPTEUR<3> |    7.070(R)|   -1.059(R)|CLK_BUFGP         |   0.000|
FIFO_D_COMPTEUR<4> |    3.971(R)|    0.407(R)|CLK_BUFGP         |   0.000|
FIFO_D_COMPTEUR<5> |    4.443(R)|    1.313(R)|CLK_BUFGP         |   0.000|
FIFO_D_COMPTEUR<6> |    4.419(R)|    0.503(R)|CLK_BUFGP         |   0.000|
FIFO_D_COMPTEUR<7> |    7.024(R)|   -1.025(R)|CLK_BUFGP         |   0.000|
FIFO_D_COMPTEUR<8> |    2.616(R)|    1.470(R)|CLK_BUFGP         |   0.000|
FIFO_D_COMPTEUR<9> |    3.434(R)|    0.915(R)|CLK_BUFGP         |   0.000|
FIFO_D_COMPTEUR<10>|    4.100(R)|    0.977(R)|CLK_BUFGP         |   0.000|
FIFO_D_COMPTEUR<11>|    2.893(R)|    1.843(R)|CLK_BUFGP         |   0.000|
FIFO_D_COMPTEUR<12>|    3.078(R)|    1.797(R)|CLK_BUFGP         |   0.000|
FIFO_D_COMPTEUR<13>|    3.793(R)|    1.118(R)|CLK_BUFGP         |   0.000|
FIFO_D_COMPTEUR<14>|    3.970(R)|    0.816(R)|CLK_BUFGP         |   0.000|
FIFO_D_COMPTEUR<15>|    4.756(R)|    0.712(R)|CLK_BUFGP         |   0.000|
FIFO_D_COMPTEUR<16>|    1.998(R)|    2.481(R)|CLK_BUFGP         |   0.000|
FIFO_D_COMPTEUR<17>|    3.672(R)|    1.454(R)|CLK_BUFGP         |   0.000|
FIFO_D_COMPTEUR<18>|    2.857(R)|    1.947(R)|CLK_BUFGP         |   0.000|
FIFO_D_COMPTEUR<19>|    3.224(R)|    1.320(R)|CLK_BUFGP         |   0.000|
FIFO_D_COMPTEUR<20>|    2.510(R)|    2.003(R)|CLK_BUFGP         |   0.000|
FIFO_D_COMPTEUR<21>|    3.302(R)|    1.786(R)|CLK_BUFGP         |   0.000|
FIFO_D_COMPTEUR<22>|    2.765(R)|    2.080(R)|CLK_BUFGP         |   0.000|
FIFO_D_COMPTEUR<23>|    2.797(R)|    2.484(R)|CLK_BUFGP         |   0.000|
FIFO_D_COMPTEUR<24>|    2.540(R)|    2.237(R)|CLK_BUFGP         |   0.000|
FIFO_D_COMPTEUR<25>|    3.837(R)|    0.760(R)|CLK_BUFGP         |   0.000|
FIFO_D_COMPTEUR<26>|    4.920(R)|   -0.052(R)|CLK_BUFGP         |   0.000|
FIFO_D_COMPTEUR<27>|    3.313(R)|    1.470(R)|CLK_BUFGP         |   0.000|
FIFO_D_COMPTEUR<28>|    5.194(R)|   -0.366(R)|CLK_BUFGP         |   0.000|
FIFO_D_COMPTEUR<29>|    4.204(R)|    1.371(R)|CLK_BUFGP         |   0.000|
FIFO_D_COMPTEUR<30>|    3.833(R)|    1.688(R)|CLK_BUFGP         |   0.000|
FIFO_D_COMPTEUR<31>|    4.440(R)|    1.192(R)|CLK_BUFGP         |   0.000|
FIFO_D_EMPTY       |    3.569(R)|    0.648(R)|CLK_BUFGP         |   0.000|
FIFO_D_FULL        |    4.315(R)|   -0.039(R)|CLK_BUFGP         |   0.000|
FIFO_D_VALID       |    3.445(R)|    0.757(R)|CLK_BUFGP         |   0.000|
GPIOA_IN<0>        |    5.568(R)|   -1.192(R)|CLK_BUFGP         |   0.000|
GPIOA_IN<1>        |    5.504(R)|    0.127(R)|CLK_BUFGP         |   0.000|
GPIOA_IN<2>        |    4.576(R)|    0.824(R)|CLK_BUFGP         |   0.000|
GPIOA_IN<3>        |    4.858(R)|    0.975(R)|CLK_BUFGP         |   0.000|
GPIOA_IN<4>        |    4.100(R)|    0.290(R)|CLK_BUFGP         |   0.000|
GPIOA_IN<5>        |    5.315(R)|    0.514(R)|CLK_BUFGP         |   0.000|
GPIOA_IN<6>        |    4.330(R)|    0.580(R)|CLK_BUFGP         |   0.000|
GPIOA_IN<7>        |    4.644(R)|    1.161(R)|CLK_BUFGP         |   0.000|
GPIOA_IN<8>        |    4.187(R)|    0.021(R)|CLK_BUFGP         |   0.000|
GPIOA_IN<9>        |    3.242(R)|    1.087(R)|CLK_BUFGP         |   0.000|
GPIOA_IN<10>       |    4.515(R)|    0.597(R)|CLK_BUFGP         |   0.000|
GPIOA_IN<11>       |    4.576(R)|    0.295(R)|CLK_BUFGP         |   0.000|
GPIOA_IN<12>       |    5.035(R)|   -0.004(R)|CLK_BUFGP         |   0.000|
GPIOA_IN<13>       |    4.247(R)|    0.699(R)|CLK_BUFGP         |   0.000|
GPIOA_IN<14>       |    4.061(R)|    0.731(R)|CLK_BUFGP         |   0.000|
GPIOA_IN<15>       |    3.906(R)|    1.497(R)|CLK_BUFGP         |   0.000|
GPIOA_IN<16>       |    3.791(R)|    0.830(R)|CLK_BUFGP         |   0.000|
GPIOA_IN<17>       |    4.616(R)|    0.586(R)|CLK_BUFGP         |   0.000|
GPIOA_IN<18>       |    3.955(R)|    0.938(R)|CLK_BUFGP         |   0.000|
GPIOA_IN<19>       |    3.818(R)|    0.774(R)|CLK_BUFGP         |   0.000|
GPIOA_IN<20>       |    4.430(R)|    0.239(R)|CLK_BUFGP         |   0.000|
GPIOA_IN<21>       |    5.105(R)|    0.128(R)|CLK_BUFGP         |   0.000|
GPIOA_IN<22>       |    4.120(R)|    0.833(R)|CLK_BUFGP         |   0.000|
GPIOA_IN<23>       |    4.746(R)|    0.692(R)|CLK_BUFGP         |   0.000|
GPIOA_IN<24>       |    5.715(R)|   -0.679(R)|CLK_BUFGP         |   0.000|
GPIOA_IN<25>       |    5.282(R)|   -0.566(R)|CLK_BUFGP         |   0.000|
GPIOA_IN<26>       |    4.797(R)|    0.061(R)|CLK_BUFGP         |   0.000|
GPIOA_IN<27>       |    4.001(R)|    0.837(R)|CLK_BUFGP         |   0.000|
GPIOA_IN<28>       |    5.806(R)|   -0.925(R)|CLK_BUFGP         |   0.000|
GPIOA_IN<29>       |    4.863(R)|    0.764(R)|CLK_BUFGP         |   0.000|
GPIOA_IN<30>       |    5.821(R)|   -0.140(R)|CLK_BUFGP         |   0.000|
GPIOA_IN<31>       |    5.655(R)|    0.261(R)|CLK_BUFGP         |   0.000|
RESET              |    9.737(R)|    0.347(R)|CLK_BUFGP         |   0.000|
-------------------+------------+------------+------------------+--------+

Clock CLK to Pad
--------------+------------+------------------+--------+
              | clk (edge) |                  | Clock  |
Destination   |   to PAD   |Internal Clock(s) | Phase  |
--------------+------------+------------------+--------+
FIFO_1_READ_EN|   12.644(R)|CLK_BUFGP         |   0.000|
GPIO0_OUT<0>  |    9.975(R)|CLK_BUFGP         |   0.000|
GPIO0_OUT<1>  |    9.995(R)|CLK_BUFGP         |   0.000|
GPIO0_OUT<2>  |    9.994(R)|CLK_BUFGP         |   0.000|
GPIO0_OUT<3>  |    9.858(R)|CLK_BUFGP         |   0.000|
GPIO0_OUT<4>  |    9.736(R)|CLK_BUFGP         |   0.000|
GPIO0_OUT<5>  |    9.951(R)|CLK_BUFGP         |   0.000|
GPIO0_OUT<6>  |   10.267(R)|CLK_BUFGP         |   0.000|
GPIO0_OUT<7>  |    9.739(R)|CLK_BUFGP         |   0.000|
GPIO0_OUT<8>  |    9.898(R)|CLK_BUFGP         |   0.000|
GPIO0_OUT<9>  |    9.854(R)|CLK_BUFGP         |   0.000|
GPIO0_OUT<10> |    9.896(R)|CLK_BUFGP         |   0.000|
GPIO0_OUT<11> |    9.776(R)|CLK_BUFGP         |   0.000|
GPIO0_OUT<12> |    9.455(R)|CLK_BUFGP         |   0.000|
GPIO0_OUT<13> |    9.475(R)|CLK_BUFGP         |   0.000|
GPIO0_OUT<14> |    9.214(R)|CLK_BUFGP         |   0.000|
GPIO0_OUT<15> |   10.153(R)|CLK_BUFGP         |   0.000|
GPIO0_OUT<16> |    9.428(R)|CLK_BUFGP         |   0.000|
GPIO0_OUT<17> |    9.105(R)|CLK_BUFGP         |   0.000|
GPIO0_OUT<18> |    9.411(R)|CLK_BUFGP         |   0.000|
GPIO0_OUT<19> |    9.770(R)|CLK_BUFGP         |   0.000|
GPIO0_OUT<20> |    8.880(R)|CLK_BUFGP         |   0.000|
GPIO0_OUT<21> |    9.202(R)|CLK_BUFGP         |   0.000|
GPIO0_OUT<22> |    9.324(R)|CLK_BUFGP         |   0.000|
GPIO0_OUT<23> |   10.143(R)|CLK_BUFGP         |   0.000|
GPIO0_OUT<29> |    9.290(R)|CLK_BUFGP         |   0.000|
GPIO0_OUT<30> |    9.939(R)|CLK_BUFGP         |   0.000|
GPIO0_OUT<31> |    9.845(R)|CLK_BUFGP         |   0.000|
--------------+------------+------------------+--------+

Clock to Setup on destination clock CLK
---------------+---------+---------+---------+---------+
               | Src:Rise| Src:Fall| Src:Rise| Src:Fall|
Source Clock   |Dest:Rise|Dest:Rise|Dest:Fall|Dest:Fall|
---------------+---------+---------+---------+---------+
CLK            |   18.100|         |         |         |
---------------+---------+---------+---------+---------+


Analysis completed Thu Nov 01 16:28:36 2012 
--------------------------------------------------------------------------------

Trace Settings:
-------------------------
Trace Settings 

Peak Memory Usage: 301 MB



