Release 14.7 - xst P.20131013 (nt64)
Copyright (c) 1995-2013 Xilinx, Inc.  All rights reserved.
--> Parameter TMPDIR set to xst/projnav.tmp


Total REAL time to Xst completion: 0.00 secs
Total CPU time to Xst completion: 0.08 secs
 
--> Parameter xsthdpdir set to xst


Total REAL time to Xst completion: 0.00 secs
Total CPU time to Xst completion: 0.08 secs
 
--> Reading design: RAM_single_port.prj

TABLE OF CONTENTS
  1) Synthesis Options Summary
  2) HDL Parsing
  3) HDL Elaboration
  4) HDL Synthesis
       4.1) HDL Synthesis Report
  5) Advanced HDL Synthesis
       5.1) Advanced HDL Synthesis Report
  6) Low Level Synthesis
  7) Partition Report
  8) Design Summary
       8.1) Primitive and Black Box Usage
       8.2) Device utilization summary
       8.3) Partition Resource Summary
       8.4) Timing Report
            8.4.1) Clock Information
            8.4.2) Asynchronous Control Signals Information
            8.4.3) Timing Summary
            8.4.4) Timing Details
            8.4.5) Cross Clock Domains Report


=========================================================================
*                      Synthesis Options Summary                        *
=========================================================================
---- Source Parameters
Input File Name                    : "RAM_single_port.prj"
Ignore Synthesis Constraint File   : NO

---- Target Parameters
Output File Name                   : "RAM_single_port"
Output Format                      : NGC
Target Device                      : xc7a100t-1-csg324

---- Source Options
Top Module Name                    : RAM_single_port
Automatic FSM Extraction           : YES
FSM Encoding Algorithm             : Auto
Safe Implementation                : No
FSM Style                          : LUT
RAM Extraction                     : Yes
RAM Style                          : Auto
ROM Extraction                     : Yes
Shift Register Extraction          : YES
ROM Style                          : Auto
Resource Sharing                   : YES
Asynchronous To Synchronous        : NO
Shift Register Minimum Size        : 2
Use DSP Block                      : Auto
Automatic Register Balancing       : No

---- Target Options
LUT Combining                      : Auto
Reduce Control Sets                : Auto
Add IO Buffers                     : YES
Global Maximum Fanout              : 100000
Add Generic Clock Buffer(BUFG)     : 32
Register Duplication               : YES
Optimize Instantiated Primitives   : NO
Use Clock Enable                   : Auto
Use Synchronous Set                : Auto
Use Synchronous Reset              : Auto
Pack IO Registers into IOBs        : Auto
Equivalent register Removal        : YES

---- General Options
Optimization Goal                  : Speed
Optimization Effort                : 1
Power Reduction                    : NO
Keep Hierarchy                     : No
Netlist Hierarchy                  : As_Optimized
RTL Output                         : Yes
Global Optimization                : AllClockNets
Read Cores                         : YES
Write Timing Constraints           : NO
Cross Clock Analysis               : NO
Hierarchy Separator                : /
Bus Delimiter                      : <>
Case Specifier                     : Maintain
Slice Utilization Ratio            : 100
BRAM Utilization Ratio             : 100
DSP48 Utilization Ratio            : 100
Auto BRAM Packing                  : NO
Slice Utilization Ratio Delta      : 5

=========================================================================


=========================================================================
*                          HDL Parsing                                  *
=========================================================================
Parsing VHDL file "D:\Vincent\Mandelbrot\soc_plasma\synthese\IPBus_ml605_ASIP\RAM_single_port.vhd" into library work
Parsing entity <RAM_single_port>.
Parsing architecture <Behavioral> of entity <ram_single_port>.

=========================================================================
*                            HDL Elaboration                            *
=========================================================================

Elaborating entity <RAM_single_port> (architecture <Behavioral>) from library <work>.

=========================================================================
*                           HDL Synthesis                               *
=========================================================================

Synthesizing Unit <RAM_single_port>.
    Related source file is "D:\Vincent\Mandelbrot\soc_plasma\synthese\IPBus_ml605_ASIP\RAM_single_port.vhd".
    Found 262144x8-bit single-port RAM <Mram_screen> for signal <screen>.
    Found 8-bit register for signal <data_out>.
    Summary:
	inferred   1 RAM(s).
	inferred   8 D-type flip-flop(s).
	inferred   1 Multiplexer(s).
Unit <RAM_single_port> synthesized.

=========================================================================
HDL Synthesis Report

Macro Statistics
# RAMs                                                 : 1
 262144x8-bit single-port RAM                          : 1
# Registers                                            : 1
 8-bit register                                        : 1
# Multiplexers                                         : 1
 8-bit 2-to-1 multiplexer                              : 1

=========================================================================

=========================================================================
*                       Advanced HDL Synthesis                          *
=========================================================================


Synthesizing (advanced) Unit <RAM_single_port>.
INFO:Xst:3226 - The RAM <Mram_screen> will be implemented as a BLOCK RAM, absorbing the following register(s): <data_out>
    -----------------------------------------------------------------------
    | ram_type           | Block                               |          |
    -----------------------------------------------------------------------
    | Port A                                                              |
    |     aspect ratio   | 262144-word x 8-bit                 |          |
    |     mode           | write-first                         |          |
    |     clkA           | connected to signal <clk>           | rise     |
    |     weA            | connected to signal <data_write>    | high     |
    |     addrA          | connected to signal <ADDR>          |          |
    |     diA            | connected to signal <data_in>       |          |
    |     doA            | connected to signal <data_out>      |          |
    -----------------------------------------------------------------------
    | optimization       | speed                               |          |
    -----------------------------------------------------------------------
Unit <RAM_single_port> synthesized (advanced).

=========================================================================
Advanced HDL Synthesis Report

Macro Statistics
# RAMs                                                 : 1
 262144x8-bit single-port block RAM                    : 1

=========================================================================

=========================================================================
*                         Low Level Synthesis                           *
=========================================================================

Optimizing unit <RAM_single_port> ...

Mapping all equations...
Building and optimizing final netlist ...
Found area constraint ratio of 100 (+ 5) on block RAM_single_port, actual ratio is 0.

Final Macro Processing ...

=========================================================================
Final Register Report

Macro Statistics
# Registers                                            : 2
 Flip-Flops                                            : 2

=========================================================================

=========================================================================
*                           Partition Report                            *
=========================================================================

Partition Implementation Status
-------------------------------

  No Partitions were found in this design.

-------------------------------

=========================================================================
*                            Design Summary                             *
=========================================================================

Top Level Output File Name         : RAM_single_port.ngc

Primitive and Black Box Usage:
------------------------------
# BELS                             : 14
#      GND                         : 1
#      LUT3                        : 4
#      LUT6                        : 8
#      VCC                         : 1
# FlipFlops/Latches                : 2
#      FD                          : 2
# RAMS                             : 64
#      RAMB36E1                    : 64
# Clock Buffers                    : 1
#      BUFGP                       : 1
# IO Buffers                       : 35
#      IBUF                        : 27
#      OBUF                        : 8

Device utilization summary:
---------------------------

Selected Device : 7a100tcsg324-1 


Slice Logic Utilization: 
 Number of Slice Registers:               2  out of  126800     0%  
 Number of Slice LUTs:                   12  out of  63400     0%  
    Number used as Logic:                12  out of  63400     0%  

Slice Logic Distribution: 
 Number of LUT Flip Flop pairs used:     13
   Number with an unused Flip Flop:      11  out of     13    84%  
   Number with an unused LUT:             1  out of     13     7%  
   Number of fully used LUT-FF pairs:     1  out of     13     7%  
   Number of unique control sets:         1

IO Utilization: 
 Number of IOs:                          36
 Number of bonded IOBs:                  36  out of    210    17%  

Specific Feature Utilization:
 Number of Block RAM/FIFO:               64  out of    135    47%  
    Number using Block RAM only:         64
 Number of BUFG/BUFGCTRLs:                1  out of     32     3%  

---------------------------
Partition Resource Summary:
---------------------------

  No Partitions were found in this design.

---------------------------


=========================================================================
Timing Report

NOTE: THESE TIMING NUMBERS ARE ONLY A SYNTHESIS ESTIMATE.
      FOR ACCURATE TIMING INFORMATION PLEASE REFER TO THE TRACE REPORT
      GENERATED AFTER PLACE-and-ROUTE.

Clock Information:
------------------
-----------------------------------+------------------------+-------+
Clock Signal                       | Clock buffer(FF name)  | Load  |
-----------------------------------+------------------------+-------+
clk                                | BUFGP                  | 66    |
-----------------------------------+------------------------+-------+

Asynchronous Control Signals Information:
----------------------------------------
-----------------------------------+------------------------+-------+
Control Signal                     | Buffer(FF name)        | Load  |
-----------------------------------+------------------------+-------+
N101(Mram_screen151:CASCADEOUTA)   | NONE(Mram_screen15)    | 1     |
N103(Mram_screen181:CASCADEOUTA)   | NONE(Mram_screen18)    | 1     |
N105(Mram_screen161:CASCADEOUTA)   | NONE(Mram_screen16)    | 1     |
N107(Mram_screen171:CASCADEOUTA)   | NONE(Mram_screen17)    | 1     |
N109(Mram_screen191:CASCADEOUTA)   | NONE(Mram_screen19)    | 1     |
N111(Mram_screen201:CASCADEOUTA)   | NONE(Mram_screen20)    | 1     |
N113(Mram_screen231:CASCADEOUTA)   | NONE(Mram_screen23)    | 1     |
N115(Mram_screen211:CASCADEOUTA)   | NONE(Mram_screen21)    | 1     |
N117(Mram_screen221:CASCADEOUTA)   | NONE(Mram_screen22)    | 1     |
N119(Mram_screen261:CASCADEOUTA)   | NONE(Mram_screen26)    | 1     |
N121(Mram_screen241:CASCADEOUTA)   | NONE(Mram_screen24)    | 1     |
N123(Mram_screen251:CASCADEOUTA)   | NONE(Mram_screen25)    | 1     |
N125(Mram_screen291:CASCADEOUTA)   | NONE(Mram_screen29)    | 1     |
N127(Mram_screen271:CASCADEOUTA)   | NONE(Mram_screen27)    | 1     |
N129(Mram_screen281:CASCADEOUTA)   | NONE(Mram_screen28)    | 1     |
N131(Mram_screen301:CASCADEOUTA)   | NONE(Mram_screen30)    | 1     |
N133(Mram_screen311:CASCADEOUTA)   | NONE(Mram_screen31)    | 1     |
N135(Mram_screen321:CASCADEOUTA)   | NONE(Mram_screen32)    | 1     |
N73(Mram_screen210:CASCADEOUTA)    | NONE(Mram_screen2)     | 1     |
N75(Mram_screen110:CASCADEOUTA)    | NONE(Mram_screen1)     | 1     |
N77(Mram_screen51:CASCADEOUTA)     | NONE(Mram_screen5)     | 1     |
N79(Mram_screen33:CASCADEOUTA)     | NONE(Mram_screen3)     | 1     |
N81(Mram_screen41:CASCADEOUTA)     | NONE(Mram_screen4)     | 1     |
N83(Mram_screen81:CASCADEOUTA)     | NONE(Mram_screen8)     | 1     |
N85(Mram_screen61:CASCADEOUTA)     | NONE(Mram_screen6)     | 1     |
N87(Mram_screen71:CASCADEOUTA)     | NONE(Mram_screen7)     | 1     |
N89(Mram_screen91:CASCADEOUTA)     | NONE(Mram_screen9)     | 1     |
N91(Mram_screen101:CASCADEOUTA)    | NONE(Mram_screen10)    | 1     |
N93(Mram_screen131:CASCADEOUTA)    | NONE(Mram_screen13)    | 1     |
N95(Mram_screen111:CASCADEOUTA)    | NONE(Mram_screen11)    | 1     |
N97(Mram_screen121:CASCADEOUTA)    | NONE(Mram_screen12)    | 1     |
N99(Mram_screen141:CASCADEOUTA)    | NONE(Mram_screen14)    | 1     |
-----------------------------------+------------------------+-------+

Timing Summary:
---------------
Speed Grade: -1

   Minimum period: No path found
   Minimum input arrival time before clock: 1.183ns
   Maximum output required time after clock: 1.986ns
   Maximum combinational path delay: No path found

Timing Details:
---------------
All values displayed in nanoseconds (ns)

=========================================================================
Timing constraint: Default OFFSET IN BEFORE for Clock 'clk'
  Total number of paths / destination ports: 66 / 66
-------------------------------------------------------------------------
Offset:              1.183ns (Levels of Logic = 1)
  Source:            data_in<0> (PAD)
  Destination:       Mram_screen2 (RAM)
  Destination Clock: clk rising

  Data Path: data_in<0> to Mram_screen2
                                Gate     Net
    Cell:in->out      fanout   Delay   Delay  Logical Name (Net Name)
    ----------------------------------------  ------------
     IBUF:I->O             8   0.001   0.445  data_in_0_IBUF (data_in_0_IBUF)
     RAMB36E1:DIADI0           0.737          Mram_screen2
    ----------------------------------------
    Total                      1.183ns (0.738ns logic, 0.445ns route)
                                       (62.4% logic, 37.6% route)

=========================================================================
Timing constraint: Default OFFSET OUT AFTER for Clock 'clk'
  Total number of paths / destination ports: 16 / 8
-------------------------------------------------------------------------
Offset:              1.986ns (Levels of Logic = 2)
  Source:            inst_LPM_FF_1 (FF)
  Destination:       data_out<7> (PAD)
  Source Clock:      clk rising

  Data Path: inst_LPM_FF_1 to data_out<7>
                                Gate     Net
    Cell:in->out      fanout   Delay   Delay  Logical Name (Net Name)
    ----------------------------------------  ------------
     FD:C->Q               8   0.478   0.985  inst_LPM_FF_1 (inst_LPM_FF_1)
     LUT6:I0->O            1   0.124   0.399  inst_LPM_MUX111 (data_out_1_OBUF)
     OBUF:I->O                 0.000          data_out_1_OBUF (data_out<1>)
    ----------------------------------------
    Total                      1.986ns (0.602ns logic, 1.384ns route)
                                       (30.3% logic, 69.7% route)

=========================================================================

Cross Clock Domains Report:
--------------------------

=========================================================================


Total REAL time to Xst completion: 14.00 secs
Total CPU time to Xst completion: 14.62 secs
 
--> 

Total memory usage is 481652 kilobytes

Number of errors   :    0 (   0 filtered)
Number of warnings :    0 (   0 filtered)
Number of infos    :    1 (   0 filtered)

